{"level":"info","message":"undefined - API Server Start At Port 3000","timestamp":"2022-10-21 13:54:42"}
{"level":"info","message":"undefined - API Server Start At Port 3000","timestamp":"2022-10-21 13:54:53"}
{"level":"info","message":"undefined - API Server Start At Port 3000","timestamp":"2022-10-21 14:01:09"}
{"level":"info","message":"undefined - API Server Start At Port 3000","timestamp":"2022-10-21 14:01:36"}
{"level":"info","message":"undefined - API Server Start At Port 3000","timestamp":"2022-10-21 14:02:04"}
{"level":"info","message":"undefined - API Server Start At Port 3000","timestamp":"2022-10-21 14:02:26"}
{"level":"info","message":"undefined - API Server Start At Port 3000","timestamp":"2022-10-21 14:02:57"}
{"level":"info","message":"undefined - API Server Start At Port 3000","timestamp":"2022-10-21 14:03:13"}
{"level":"info","message":"undefined - API Server Start At Port 3000","timestamp":"2022-10-21 14:03:26"}
{"level":"info","message":"undefined - API Server Start At Port 3000","timestamp":"2022-10-21 14:03:41"}
{"level":"info","message":"undefined - API Server Start At Port 3000","timestamp":"2022-10-21 14:04:22"}
{"level":"info","message":"undefined - API Server Start At Port 3000","timestamp":"2022-10-21 14:04:33"}
{"level":"info","message":"undefined - API Server Start At Port 3000","timestamp":"2022-10-21 14:05:00"}
{"level":"info","message":"undefined - API Server Start At Port 3000","timestamp":"2022-10-21 14:07:38"}
{"level":"info","message":"undefined - API Server Start At Port 3000","timestamp":"2022-10-21 14:07:49"}
{"level":"info","message":"undefined - API Server Start At Port 3000","timestamp":"2022-10-21 14:08:12"}
{"level":"info","message":"undefined - API Server Start At Port 3000","timestamp":"2022-10-21 14:08:34"}
{"level":"info","message":"undefined - API Server Start At Port 3000","timestamp":"2022-10-21 14:08:42"}
{"level":"error","message":"App - createUser Service error\n: Table 'capstone.Consumer' doesn't exist","timestamp":"2022-10-21 14:08:43"}
{"level":"info","message":"undefined - API Server Start At Port 3000","timestamp":"2022-10-21 14:08:59"}
{"level":"info","message":"undefined - API Server Start At Port 3000","timestamp":"2022-10-21 14:09:34"}
{"level":"error","message":"App - createUser Service error\n: Table 'capstone.Consumers' doesn't exist","timestamp":"2022-10-21 14:09:38"}
{"level":"info","message":"undefined - API Server Start At Port 3000","timestamp":"2022-10-21 14:09:53"}
{"level":"error","message":"App - createUser Service error\n: Unknown column 'nickName' in 'field list'","timestamp":"2022-10-21 14:09:57"}
{"level":"info","message":"undefined - API Server Start At Port 3000","timestamp":"2022-10-21 14:10:27"}
{"level":"info","message":"undefined - API Server Start At Port 3000","timestamp":"2022-10-21 14:10:36"}
{"level":"error","message":"App - createUser Service error\n: Cannot destructure property 'isSuccess' of 'undefined' as it is undefined.","timestamp":"2022-10-21 14:10:40"}
{"level":"info","message":"undefined - API Server Start At Port 3000","timestamp":"2022-10-21 14:11:02"}
{"level":"info","message":"undefined - API Server Start At Port 3000","timestamp":"2022-10-21 14:11:08"}
{"level":"error","message":"App - createUser Service error\n: Cannot destructure property 'isSuccess' of 'undefined' as it is undefined.","timestamp":"2022-10-21 14:11:21"}
{"level":"info","message":"undefined - API Server Start At Port 3000","timestamp":"2022-10-21 14:11:35"}
{"level":"error","message":"App - createUser Service error\n: Cannot destructure property 'isSuccess' of 'undefined' as it is undefined.","timestamp":"2022-10-21 14:11:38"}
{"level":"info","message":"undefined - API Server Start At Port 3000","timestamp":"2022-10-21 14:11:56"}
{"level":"info","message":"undefined - API Server Start At Port 3000","timestamp":"2022-10-21 14:17:49"}
{"level":"info","message":"undefined - API Server Start At Port 3000","timestamp":"2022-10-21 14:18:47"}
{"level":"info","message":"undefined - API Server Start At Port 3000","timestamp":"2022-10-21 14:19:18"}
{"level":"info","message":"undefined - API Server Start At Port 3000","timestamp":"2022-10-21 14:20:53"}
{"level":"info","message":"undefined - API Server Start At Port 3000","timestamp":"2022-10-21 14:21:13"}
{"level":"info","message":"undefined - API Server Start At Port 3000","timestamp":"2022-10-21 14:21:37"}
{"level":"info","message":"undefined - API Server Start At Port 3000","timestamp":"2022-10-21 14:34:18"}
{"level":"info","message":"undefined - API Server Start At Port 3000","timestamp":"2022-10-21 14:35:25"}
{"level":"info","message":"undefined - API Server Start At Port 3000","timestamp":"2022-10-21 14:35:57"}
{"level":"info","message":"undefined - API Server Start At Port 3000","timestamp":"2022-10-21 14:36:25"}
{"level":"info","message":"undefined - API Server Start At Port 3000","timestamp":"2022-10-21 14:36:32"}
{"level":"info","message":"undefined - API Server Start At Port 3000","timestamp":"2022-10-21 14:36:46"}
{"level":"info","message":"undefined - API Server Start At Port 3000","timestamp":"2022-10-21 14:36:53"}
{"level":"info","message":"undefined - API Server Start At Port 3000","timestamp":"2022-10-21 14:37:04"}
{"level":"info","message":"undefined - API Server Start At Port 3000","timestamp":"2022-10-21 14:37:21"}
{"level":"info","message":"undefined - API Server Start At Port 3000","timestamp":"2022-10-21 14:37:39"}
{"level":"info","message":"undefined - API Server Start At Port 3000","timestamp":"2022-10-21 14:38:42"}
{"level":"info","message":"undefined - API Server Start At Port 3000","timestamp":"2022-10-21 14:38:58"}
{"level":"info","message":"undefined - API Server Start At Port 3000","timestamp":"2022-10-21 14:39:19"}
{"level":"info","message":"undefined - API Server Start At Port 3000","timestamp":"2022-10-21 14:39:26"}
{"level":"info","message":"undefined - API Server Start At Port 3000","timestamp":"2022-10-21 14:39:40"}
{"level":"info","message":"undefined - API Server Start At Port 3000","timestamp":"2022-10-21 14:39:43"}
{"level":"info","message":"undefined - API Server Start At Port 3000","timestamp":"2022-10-21 14:39:53"}
{"level":"info","message":"undefined - API Server Start At Port 3000","timestamp":"2022-10-21 14:40:16"}
{"level":"info","message":"undefined - API Server Start At Port 3000","timestamp":"2022-10-21 14:40:24"}
{"level":"info","message":"undefined - API Server Start At Port 3000","timestamp":"2022-10-21 14:41:29"}
{"level":"info","message":"undefined - API Server Start At Port 3000","timestamp":"2022-10-21 14:42:59"}
{"level":"info","message":"undefined - API Server Start At Port 3000","timestamp":"2022-10-21 14:43:08"}
{"level":"info","message":"undefined - API Server Start At Port 3000","timestamp":"2022-10-21 14:43:10"}
{"level":"info","message":"undefined - API Server Start At Port 3000","timestamp":"2022-10-21 14:43:46"}
{"level":"info","message":"undefined - API Server Start At Port 3000","timestamp":"2022-10-21 14:43:55"}
{"level":"info","message":"undefined - API Server Start At Port 3000","timestamp":"2022-10-21 14:43:57"}
{"level":"info","message":"undefined - API Server Start At Port 3000","timestamp":"2022-10-21 14:44:17"}
{"level":"info","message":"undefined - API Server Start At Port 3000","timestamp":"2022-10-21 14:44:30"}
{"level":"info","message":"undefined - API Server Start At Port 3000","timestamp":"2022-10-21 14:44:40"}
{"level":"info","message":"undefined - API Server Start At Port 3000","timestamp":"2022-10-21 14:45:02"}
{"level":"info","message":"undefined - API Server Start At Port 3000","timestamp":"2022-10-21 14:45:11"}
{"level":"info","message":"undefined - API Server Start At Port 3000","timestamp":"2022-10-21 14:46:00"}
{"level":"info","message":"undefined - API Server Start At Port 3000","timestamp":"2022-10-21 14:46:13"}
{"level":"info","message":"undefined - API Server Start At Port 3000","timestamp":"2022-10-21 14:46:17"}
{"level":"info","message":"undefined - API Server Start At Port 3000","timestamp":"2022-10-21 14:46:24"}
{"level":"info","message":"undefined - API Server Start At Port 3000","timestamp":"2022-10-21 14:46:36"}
{"level":"info","message":"undefined - API Server Start At Port 3000","timestamp":"2022-10-21 14:46:54"}
{"level":"info","message":"undefined - API Server Start At Port 3000","timestamp":"2022-10-21 14:46:58"}
{"level":"info","message":"undefined - API Server Start At Port 3000","timestamp":"2022-10-21 14:54:39"}
{"level":"info","message":"undefined - API Server Start At Port 3000","timestamp":"2022-10-21 14:56:32"}
{"level":"info","message":"undefined - API Server Start At Port 3000","timestamp":"2022-10-21 14:57:14"}
{"level":"info","message":"undefined - API Server Start At Port 3000","timestamp":"2022-10-21 14:57:20"}
{"level":"info","message":"undefined - API Server Start At Port 3000","timestamp":"2022-10-21 14:57:25"}
{"level":"info","message":"undefined - API Server Start At Port 3000","timestamp":"2022-10-21 14:57:40"}
{"level":"info","message":"undefined - API Server Start At Port 3000","timestamp":"2022-10-21 14:58:05"}
{"level":"info","message":"undefined - API Server Start At Port 3000","timestamp":"2022-10-21 14:58:10"}
{"level":"info","message":"undefined - API Server Start At Port 3000","timestamp":"2022-10-21 15:01:17"}
{"level":"info","message":"undefined - API Server Start At Port 3000","timestamp":"2022-10-21 15:01:33"}
{"level":"info","message":"undefined - API Server Start At Port 3000","timestamp":"2022-10-21 15:04:57"}
{"level":"info","message":"undefined - API Server Start At Port 3000","timestamp":"2022-10-21 15:05:09"}
{"level":"info","message":"undefined - API Server Start At Port 3000","timestamp":"2022-10-21 15:05:35"}
{"level":"info","message":"undefined - API Server Start At Port 3000","timestamp":"2022-10-21 15:08:12"}
{"level":"info","message":"undefined - API Server Start At Port 3000","timestamp":"2022-10-21 15:08:56"}
{"level":"info","message":"undefined - API Server Start At Port 3000","timestamp":"2022-10-21 15:10:37"}
{"level":"info","message":"undefined - API Server Start At Port 3000","timestamp":"2022-10-21 15:10:41"}
{"level":"info","message":"undefined - API Server Start At Port 3000","timestamp":"2022-10-21 15:10:46"}
{"level":"info","message":"undefined - API Server Start At Port 3000","timestamp":"2022-10-21 15:10:52"}
{"level":"info","message":"undefined - API Server Start At Port 3000","timestamp":"2022-10-21 15:11:22"}
{"level":"info","message":"undefined - API Server Start At Port 3000","timestamp":"2022-10-21 15:11:47"}
{"level":"info","message":"undefined - API Server Start At Port 3000","timestamp":"2022-10-21 15:11:52"}
{"level":"info","message":"undefined - API Server Start At Port 3000","timestamp":"2022-10-21 15:11:57"}
{"level":"info","message":"undefined - API Server Start At Port 3000","timestamp":"2022-10-21 15:12:05"}
{"level":"info","message":"undefined - API Server Start At Port 3000","timestamp":"2022-10-21 15:12:09"}
{"level":"info","message":"undefined - API Server Start At Port 3000","timestamp":"2022-10-21 15:12:23"}
{"level":"info","message":"undefined - API Server Start At Port 3000","timestamp":"2022-10-21 15:12:25"}
{"level":"info","message":"undefined - API Server Start At Port 3000","timestamp":"2022-10-21 15:28:06"}
{"level":"info","message":"undefined - API Server Start At Port 3000","timestamp":"2022-10-21 15:28:12"}
{"level":"info","message":"undefined - API Server Start At Port 3000","timestamp":"2022-10-21 15:28:22"}
{"level":"info","message":"undefined - API Server Start At Port 3000","timestamp":"2022-10-21 15:28:37"}
{"level":"info","message":"undefined - API Server Start At Port 3000","timestamp":"2022-10-21 15:29:14"}
{"level":"info","message":"undefined - API Server Start At Port 3000","timestamp":"2022-10-21 15:29:40"}
{"level":"info","message":"undefined - API Server Start At Port 3000","timestamp":"2022-10-21 15:29:59"}
{"level":"info","message":"undefined - API Server Start At Port 3000","timestamp":"2022-10-21 15:30:32"}
{"level":"info","message":"undefined - API Server Start At Port 3000","timestamp":"2022-10-21 15:30:54"}
{"level":"info","message":"undefined - API Server Start At Port 3000","timestamp":"2022-10-21 15:31:13"}
{"level":"info","message":"undefined - API Server Start At Port 3000","timestamp":"2022-10-21 15:35:40"}
{"level":"info","message":"undefined - API Server Start At Port 3000","timestamp":"2022-10-21 15:36:01"}
{"level":"info","message":"undefined - API Server Start At Port 3000","timestamp":"2022-10-21 15:36:11"}
{"level":"info","message":"undefined - API Server Start At Port 3000","timestamp":"2022-10-21 15:36:14"}
{"level":"info","message":"undefined - API Server Start At Port 3000","timestamp":"2022-10-21 15:36:20"}
{"level":"info","message":"undefined - API Server Start At Port 3000","timestamp":"2022-10-21 15:36:22"}
{"level":"info","message":"undefined - API Server Start At Port 3000","timestamp":"2022-10-21 15:38:05"}
{"level":"info","message":"undefined - API Server Start At Port 3000","timestamp":"2022-10-21 15:38:11"}
{"level":"info","message":"undefined - API Server Start At Port 3000","timestamp":"2022-10-21 15:38:13"}
{"level":"info","message":"undefined - API Server Start At Port 3000","timestamp":"2022-10-21 15:38:20"}
{"level":"info","message":"undefined - API Server Start At Port 3000","timestamp":"2022-10-21 15:39:04"}
{"level":"info","message":"undefined - API Server Start At Port 3000","timestamp":"2022-10-21 15:39:10"}
{"level":"info","message":"undefined - API Server Start At Port 3000","timestamp":"2022-10-21 15:39:32"}
{"level":"info","message":"undefined - API Server Start At Port 3000","timestamp":"2022-10-21 15:39:40"}
{"level":"info","message":"undefined - API Server Start At Port 3000","timestamp":"2022-10-21 15:39:49"}
{"level":"info","message":"undefined - API Server Start At Port 3000","timestamp":"2022-10-21 15:39:53"}
{"level":"info","message":"undefined - API Server Start At Port 3000","timestamp":"2022-10-21 15:40:37"}
{"level":"info","message":"undefined - API Server Start At Port 3000","timestamp":"2022-10-21 15:41:03"}
{"level":"info","message":"undefined - API Server Start At Port 3000","timestamp":"2022-10-21 15:49:54"}
{"level":"info","message":"undefined - API Server Start At Port 3000","timestamp":"2022-10-21 15:50:08"}
{"level":"info","message":"undefined - API Server Start At Port 3000","timestamp":"2022-10-21 15:50:15"}
{"level":"info","message":"undefined - API Server Start At Port 3000","timestamp":"2022-10-21 15:50:29"}
{"level":"info","message":"undefined - API Server Start At Port 3000","timestamp":"2022-10-21 15:50:40"}
{"level":"info","message":"undefined - API Server Start At Port 3000","timestamp":"2022-10-21 15:53:26"}
{"level":"info","message":"undefined - API Server Start At Port 3000","timestamp":"2022-10-21 15:53:47"}
{"level":"info","message":"undefined - API Server Start At Port 3000","timestamp":"2022-10-21 15:53:58"}
{"level":"info","message":"undefined - API Server Start At Port 3000","timestamp":"2022-10-21 15:54:01"}
{"level":"info","message":"undefined - API Server Start At Port 3000","timestamp":"2022-10-21 15:54:17"}
{"level":"info","message":"undefined - API Server Start At Port 3000","timestamp":"2022-10-21 15:54:44"}
{"level":"info","message":"undefined - API Server Start At Port 3000","timestamp":"2022-10-21 15:54:48"}
{"level":"info","message":"undefined - API Server Start At Port 3000","timestamp":"2022-10-21 15:55:18"}
{"level":"info","message":"undefined - API Server Start At Port 3000","timestamp":"2022-10-21 15:55:28"}
{"level":"info","message":"undefined - API Server Start At Port 3000","timestamp":"2022-10-21 15:55:36"}
{"level":"info","message":"undefined - API Server Start At Port 3000","timestamp":"2022-10-21 15:55:40"}
{"level":"info","message":"undefined - API Server Start At Port 3000","timestamp":"2022-10-21 15:55:45"}
{"level":"info","message":"undefined - API Server Start At Port 3000","timestamp":"2022-10-21 15:56:26"}
{"level":"info","message":"undefined - API Server Start At Port 3000","timestamp":"2022-10-21 15:59:07"}
{"level":"info","message":"undefined - API Server Start At Port 3000","timestamp":"2022-10-21 15:59:13"}
{"level":"info","message":"undefined - API Server Start At Port 3000","timestamp":"2022-10-21 15:59:29"}
{"level":"info","message":"undefined - API Server Start At Port 3000","timestamp":"2022-10-21 15:59:36"}
{"level":"info","message":"undefined - API Server Start At Port 3000","timestamp":"2022-10-21 16:00:10"}
{"level":"info","message":"undefined - API Server Start At Port 3000","timestamp":"2022-10-21 16:00:19"}
{"level":"info","message":"undefined - API Server Start At Port 3000","timestamp":"2022-10-21 16:00:37"}
{"level":"info","message":"undefined - API Server Start At Port 3000","timestamp":"2022-10-21 16:00:50"}
{"level":"info","message":"undefined - API Server Start At Port 3000","timestamp":"2022-10-21 16:01:23"}
{"level":"info","message":"undefined - API Server Start At Port 3000","timestamp":"2022-10-21 16:07:06"}
{"level":"info","message":"undefined - API Server Start At Port 3000","timestamp":"2022-10-21 16:07:13"}
{"level":"info","message":"undefined - API Server Start At Port 3000","timestamp":"2022-10-21 16:07:17"}
{"level":"info","message":"undefined - API Server Start At Port 3000","timestamp":"2022-10-21 16:07:24"}
{"level":"info","message":"undefined - API Server Start At Port 3000","timestamp":"2022-10-21 16:07:33"}
{"level":"info","message":"undefined - API Server Start At Port 3000","timestamp":"2022-10-21 16:16:39"}
{"level":"info","message":"undefined - API Server Start At Port 3000","timestamp":"2022-10-21 16:16:54"}
{"level":"info","message":"undefined - API Server Start At Port 3000","timestamp":"2022-10-21 16:23:26"}
{"level":"info","message":"undefined - API Server Start At Port 3000","timestamp":"2022-10-21 16:24:26"}
{"level":"info","message":"undefined - API Server Start At Port 3000","timestamp":"2022-10-21 16:24:30"}
{"level":"info","message":"undefined - API Server Start At Port 3000","timestamp":"2022-10-21 16:24:45"}
{"level":"info","message":"undefined - API Server Start At Port 3000","timestamp":"2022-10-21 16:25:05"}
{"level":"info","message":"undefined - API Server Start At Port 3000","timestamp":"2022-10-21 16:26:04"}
{"level":"info","message":"undefined - API Server Start At Port 3000","timestamp":"2022-10-21 16:26:12"}
{"level":"info","message":"undefined - API Server Start At Port 3000","timestamp":"2022-10-21 16:26:23"}
{"level":"info","message":"undefined - API Server Start At Port 3000","timestamp":"2022-10-21 16:27:19"}
{"level":"info","message":"undefined - API Server Start At Port 3000","timestamp":"2022-10-21 16:27:47"}
{"level":"info","message":"undefined - API Server Start At Port 3000","timestamp":"2022-10-21 16:28:12"}
{"level":"info","message":"undefined - API Server Start At Port 3000","timestamp":"2022-10-21 16:28:35"}
{"level":"info","message":"undefined - API Server Start At Port 3000","timestamp":"2022-10-21 16:29:01"}
{"level":"info","message":"undefined - API Server Start At Port 3000","timestamp":"2022-10-21 16:32:10"}
{"level":"info","message":"undefined - API Server Start At Port 3000","timestamp":"2022-10-21 16:32:14"}
{"level":"info","message":"undefined - API Server Start At Port 3000","timestamp":"2022-10-21 16:32:17"}
{"level":"info","message":"undefined - API Server Start At Port 3000","timestamp":"2022-10-21 16:33:13"}
{"level":"info","message":"undefined - API Server Start At Port 3000","timestamp":"2022-10-21 16:34:16"}
{"level":"info","message":"undefined - API Server Start At Port 3000","timestamp":"2022-10-21 16:34:42"}
{"level":"info","message":"undefined - API Server Start At Port 3000","timestamp":"2022-10-21 16:34:49"}
{"level":"info","message":"undefined - API Server Start At Port 3000","timestamp":"2022-10-21 16:34:58"}
{"level":"info","message":"undefined - API Server Start At Port 3000","timestamp":"2022-10-21 16:35:00"}
{"level":"info","message":"undefined - API Server Start At Port 3000","timestamp":"2022-10-21 16:35:52"}
{"level":"info","message":"undefined - API Server Start At Port 3000","timestamp":"2022-10-21 16:36:34"}
{"level":"info","message":"undefined - API Server Start At Port 3000","timestamp":"2022-10-21 16:37:04"}
{"level":"info","message":"undefined - API Server Start At Port 3000","timestamp":"2022-10-21 16:37:12"}
{"level":"info","message":"undefined - API Server Start At Port 3000","timestamp":"2022-10-21 16:37:35"}
{"level":"info","message":"undefined - API Server Start At Port 3000","timestamp":"2022-10-21 16:37:41"}
{"level":"info","message":"undefined - API Server Start At Port 3000","timestamp":"2022-10-21 16:37:43"}
{"level":"info","message":"undefined - API Server Start At Port 3000","timestamp":"2022-10-21 16:37:55"}
{"level":"info","message":"undefined - API Server Start At Port 3000","timestamp":"2022-10-21 16:37:58"}
{"level":"info","message":"undefined - API Server Start At Port 3000","timestamp":"2022-10-21 16:38:10"}
{"level":"info","message":"undefined - API Server Start At Port 3000","timestamp":"2022-10-21 16:38:16"}
{"level":"info","message":"undefined - API Server Start At Port 3000","timestamp":"2022-10-21 16:40:32"}
{"level":"info","message":"undefined - API Server Start At Port 3000","timestamp":"2022-10-21 16:40:38"}
{"level":"info","message":"undefined - API Server Start At Port 3000","timestamp":"2022-10-21 16:40:41"}
{"level":"info","message":"undefined - API Server Start At Port 3000","timestamp":"2022-10-21 16:40:45"}
{"level":"info","message":"undefined - API Server Start At Port 3000","timestamp":"2022-10-21 16:41:47"}
{"level":"info","message":"undefined - API Server Start At Port 3000","timestamp":"2022-10-21 16:42:16"}
{"level":"info","message":"undefined - API Server Start At Port 3000","timestamp":"2022-10-21 16:52:20"}
{"level":"info","message":"undefined - API Server Start At Port 3000","timestamp":"2022-10-21 16:52:27"}
{"level":"info","message":"undefined - API Server Start At Port 3000","timestamp":"2022-10-21 16:52:36"}
{"level":"info","message":"undefined - API Server Start At Port 3000","timestamp":"2022-10-21 16:52:49"}
{"level":"info","message":"undefined - API Server Start At Port 3000","timestamp":"2022-10-21 16:52:51"}
{"level":"info","message":"undefined - API Server Start At Port 3000","timestamp":"2022-10-21 16:53:06"}
{"level":"info","message":"undefined - API Server Start At Port 3000","timestamp":"2022-10-21 16:54:05"}
{"level":"info","message":"undefined - API Server Start At Port 3000","timestamp":"2022-10-21 16:54:58"}
{"level":"info","message":"undefined - API Server Start At Port 3000","timestamp":"2022-10-21 16:55:14"}
{"level":"info","message":"undefined - API Server Start At Port 3000","timestamp":"2022-10-21 16:55:36"}
{"level":"info","message":"undefined - API Server Start At Port 3000","timestamp":"2022-10-21 16:56:05"}
{"level":"info","message":"undefined - API Server Start At Port 3000","timestamp":"2022-10-21 16:56:16"}
{"level":"info","message":"undefined - API Server Start At Port 3000","timestamp":"2022-10-21 16:56:29"}
{"level":"info","message":"undefined - API Server Start At Port 3000","timestamp":"2022-10-21 16:56:44"}
{"level":"info","message":"undefined - API Server Start At Port 3000","timestamp":"2022-10-21 16:56:54"}
{"level":"info","message":"undefined - API Server Start At Port 3000","timestamp":"2022-10-21 16:57:07"}
{"level":"info","message":"undefined - API Server Start At Port 3000","timestamp":"2022-10-21 16:57:13"}
{"level":"info","message":"undefined - API Server Start At Port 3000","timestamp":"2022-10-21 16:57:16"}
{"level":"info","message":"undefined - API Server Start At Port 3000","timestamp":"2022-10-21 16:57:18"}
{"level":"info","message":"undefined - API Server Start At Port 3000","timestamp":"2022-10-21 16:57:42"}
{"level":"info","message":"undefined - API Server Start At Port 3000","timestamp":"2022-10-21 16:57:45"}
{"level":"info","message":"undefined - API Server Start At Port 3000","timestamp":"2022-10-21 16:57:55"}
{"level":"info","message":"undefined - API Server Start At Port 3000","timestamp":"2022-10-21 16:59:37"}
{"level":"info","message":"undefined - API Server Start At Port 3000","timestamp":"2022-10-21 16:59:46"}
{"level":"info","message":"undefined - API Server Start At Port 3000","timestamp":"2022-10-21 16:59:53"}
{"level":"info","message":"undefined - API Server Start At Port 3000","timestamp":"2022-10-21 17:00:16"}
{"level":"info","message":"undefined - API Server Start At Port 3000","timestamp":"2022-10-21 17:00:18"}
{"level":"info","message":"undefined - API Server Start At Port 3000","timestamp":"2022-10-21 17:00:22"}
{"level":"info","message":"undefined - API Server Start At Port 3000","timestamp":"2022-10-21 17:00:36"}
{"level":"info","message":"undefined - API Server Start At Port 3000","timestamp":"2022-10-21 17:00:45"}
{"level":"info","message":"undefined - API Server Start At Port 3000","timestamp":"2022-10-21 17:02:07"}
{"level":"info","message":"undefined - API Server Start At Port 3000","timestamp":"2022-10-21 17:02:14"}
{"level":"info","message":"undefined - API Server Start At Port 3000","timestamp":"2022-10-21 17:02:21"}
{"level":"info","message":"undefined - API Server Start At Port 3000","timestamp":"2022-10-21 17:02:24"}
{"level":"info","message":"undefined - API Server Start At Port 3000","timestamp":"2022-10-21 17:02:29"}
{"level":"info","message":"undefined - API Server Start At Port 3000","timestamp":"2022-10-21 17:03:10"}
{"level":"info","message":"undefined - API Server Start At Port 3000","timestamp":"2022-10-21 17:03:13"}
{"level":"info","message":"undefined - API Server Start At Port 3000","timestamp":"2022-10-21 17:04:18"}
{"level":"info","message":"undefined - API Server Start At Port 3000","timestamp":"2022-10-21 17:04:24"}
{"level":"info","message":"undefined - API Server Start At Port 3000","timestamp":"2022-10-21 17:04:31"}
{"level":"info","message":"undefined - API Server Start At Port 3000","timestamp":"2022-10-21 17:04:34"}
{"level":"info","message":"undefined - API Server Start At Port 3000","timestamp":"2022-10-21 17:04:37"}
{"level":"info","message":"undefined - API Server Start At Port 3000","timestamp":"2022-10-21 17:04:52"}
{"level":"info","message":"undefined - API Server Start At Port 3000","timestamp":"2022-10-21 17:04:54"}
{"level":"info","message":"undefined - API Server Start At Port 3000","timestamp":"2022-10-21 17:05:01"}
{"level":"info","message":"undefined - API Server Start At Port 3000","timestamp":"2022-10-21 17:05:12"}
{"level":"info","message":"undefined - API Server Start At Port 3000","timestamp":"2022-10-21 17:05:17"}
{"level":"info","message":"undefined - API Server Start At Port 3000","timestamp":"2022-10-21 17:05:19"}
{"level":"info","message":"undefined - API Server Start At Port 3000","timestamp":"2022-10-21 17:10:21"}
{"level":"info","message":"undefined - API Server Start At Port 3000","timestamp":"2022-10-21 17:11:11"}
{"level":"info","message":"undefined - API Server Start At Port 3000","timestamp":"2022-10-21 17:14:06"}
{"level":"info","message":"undefined - API Server Start At Port 3000","timestamp":"2022-10-21 17:14:20"}
{"level":"info","message":"undefined - API Server Start At Port 3000","timestamp":"2022-10-21 17:14:36"}
{"level":"info","message":"undefined - API Server Start At Port 3000","timestamp":"2022-10-21 17:26:15"}
{"level":"info","message":"undefined - API Server Start At Port 3000","timestamp":"2022-10-21 17:26:42"}
{"level":"info","message":"undefined - API Server Start At Port 3000","timestamp":"2022-10-21 17:26:57"}
{"level":"info","message":"undefined - API Server Start At Port 3000","timestamp":"2022-10-21 17:27:01"}
{"level":"info","message":"undefined - API Server Start At Port 3000","timestamp":"2022-10-21 17:27:18"}
{"level":"info","message":"undefined - API Server Start At Port 3000","timestamp":"2022-10-21 17:27:28"}
{"level":"info","message":"undefined - API Server Start At Port 3000","timestamp":"2022-10-21 17:27:34"}
{"level":"info","message":"undefined - API Server Start At Port 3000","timestamp":"2022-10-21 17:27:43"}
{"level":"info","message":"undefined - API Server Start At Port 3000","timestamp":"2022-10-21 17:27:47"}
{"level":"info","message":"undefined - API Server Start At Port 3000","timestamp":"2022-10-21 17:28:01"}
{"level":"info","message":"undefined - API Server Start At Port 3000","timestamp":"2022-10-21 17:28:07"}
{"level":"info","message":"undefined - API Server Start At Port 3000","timestamp":"2022-10-21 17:28:16"}
{"level":"info","message":"undefined - API Server Start At Port 3000","timestamp":"2022-10-21 17:28:21"}
{"level":"info","message":"undefined - API Server Start At Port 3000","timestamp":"2022-10-21 17:29:13"}
{"level":"info","message":"undefined - API Server Start At Port 3000","timestamp":"2022-10-21 17:29:21"}
{"level":"info","message":"undefined - API Server Start At Port 3000","timestamp":"2022-10-21 17:30:14"}
{"level":"info","message":"undefined - API Server Start At Port 3000","timestamp":"2022-10-21 17:30:19"}
{"level":"info","message":"undefined - API Server Start At Port 3000","timestamp":"2022-10-21 17:30:23"}
{"level":"info","message":"undefined - API Server Start At Port 3000","timestamp":"2022-10-21 17:30:33"}
{"level":"info","message":"undefined - API Server Start At Port 3000","timestamp":"2022-10-21 17:31:05"}
{"level":"info","message":"undefined - API Server Start At Port 3000","timestamp":"2022-10-21 17:31:16"}
{"level":"info","message":"undefined - API Server Start At Port 3000","timestamp":"2022-10-21 17:31:19"}
{"level":"info","message":"undefined - API Server Start At Port 3000","timestamp":"2022-10-21 17:31:27"}
{"level":"info","message":"undefined - API Server Start At Port 3000","timestamp":"2022-10-21 17:32:41"}
{"level":"info","message":"undefined - API Server Start At Port 3000","timestamp":"2022-10-21 17:33:21"}
{"level":"info","message":"undefined - API Server Start At Port 3000","timestamp":"2022-10-21 17:33:34"}
{"level":"info","message":"undefined - API Server Start At Port 3000","timestamp":"2022-10-21 17:42:45"}
{"level":"info","message":"undefined - API Server Start At Port 3000","timestamp":"2022-10-21 17:56:42"}
{"level":"info","message":"undefined - API Server Start At Port 3000","timestamp":"2022-10-21 17:57:54"}
{"level":"info","message":"undefined - API Server Start At Port 3000","timestamp":"2022-10-21 17:58:11"}
{"level":"info","message":"undefined - API Server Start At Port 3000","timestamp":"2022-10-21 17:58:30"}
{"level":"info","message":"undefined - API Server Start At Port 3000","timestamp":"2022-10-21 17:58:36"}
{"level":"info","message":"undefined - API Server Start At Port 3000","timestamp":"2022-10-21 17:58:44"}
{"level":"error","message":"App - createUser Service error\n: psetSitterDao is not defined","timestamp":"2022-10-21 17:58:44"}
{"level":"info","message":"undefined - API Server Start At Port 3000","timestamp":"2022-10-21 17:58:55"}
{"level":"info","message":"undefined - API Server Start At Port 3000","timestamp":"2022-10-21 18:09:58"}
{"level":"info","message":"undefined - API Server Start At Port 3000","timestamp":"2022-10-21 18:10:05"}
{"level":"info","message":"undefined - API Server Start At Port 3000","timestamp":"2022-10-21 18:10:08"}
{"level":"info","message":"undefined - API Server Start At Port 3000","timestamp":"2022-10-21 18:10:11"}
{"level":"info","message":"undefined - API Server Start At Port 3000","timestamp":"2022-10-21 18:10:12"}
{"level":"info","message":"undefined - API Server Start At Port 3000","timestamp":"2022-10-21 18:10:39"}
{"level":"info","message":"undefined - API Server Start At Port 3000","timestamp":"2022-10-21 18:10:45"}
{"level":"info","message":"undefined - API Server Start At Port 3000","timestamp":"2022-10-21 18:10:47"}
{"level":"info","message":"undefined - API Server Start At Port 3000","timestamp":"2022-10-21 18:10:51"}
{"level":"info","message":"undefined - API Server Start At Port 3000","timestamp":"2022-10-21 18:11:03"}
{"level":"info","message":"undefined - API Server Start At Port 3000","timestamp":"2022-10-21 18:11:05"}
{"level":"info","message":"undefined - API Server Start At Port 3000","timestamp":"2022-10-21 18:11:14"}
{"level":"info","message":"undefined - API Server Start At Port 3000","timestamp":"2022-10-21 18:11:22"}
{"level":"info","message":"undefined - API Server Start At Port 3000","timestamp":"2022-10-21 18:11:25"}
{"level":"info","message":"undefined - API Server Start At Port 3000","timestamp":"2022-10-21 18:11:34"}
{"level":"info","message":"undefined - API Server Start At Port 3000","timestamp":"2022-10-21 18:11:36"}
{"level":"info","message":"undefined - API Server Start At Port 3000","timestamp":"2022-10-21 18:11:39"}
{"level":"info","message":"undefined - API Server Start At Port 3000","timestamp":"2022-10-21 18:11:40"}
{"level":"info","message":"undefined - API Server Start At Port 3000","timestamp":"2022-10-21 18:11:52"}
{"level":"info","message":"undefined - API Server Start At Port 3000","timestamp":"2022-10-21 18:11:56"}
{"level":"info","message":"undefined - API Server Start At Port 3000","timestamp":"2022-10-21 18:11:59"}
{"level":"info","message":"undefined - API Server Start At Port 3000","timestamp":"2022-10-21 18:12:04"}
{"level":"info","message":"undefined - API Server Start At Port 3000","timestamp":"2022-10-21 18:12:11"}
{"level":"info","message":"undefined - API Server Start At Port 3000","timestamp":"2022-10-21 18:12:21"}
{"level":"info","message":"undefined - API Server Start At Port 3000","timestamp":"2022-10-21 18:13:13"}
