{"level":"info","message":"undefined - API Server Start At Port 3000","timestamp":"2022-10-02 02:51:15"}
{"level":"info","message":"undefined - API Server Start At Port 3000","timestamp":"2022-10-02 02:54:05"}
{"level":"info","message":"undefined - API Server Start At Port 3000","timestamp":"2022-10-02 02:55:24"}
{"level":"info","message":"undefined - API Server Start At Port 3000","timestamp":"2022-10-02 02:55:58"}
{"level":"info","message":"undefined - API Server Start At Port 3000","timestamp":"2022-10-02 02:56:06"}
{"level":"info","message":"undefined - API Server Start At Port 3000","timestamp":"2022-10-02 02:56:11"}
{"level":"info","message":"undefined - API Server Start At Port 3000","timestamp":"2022-10-02 02:56:19"}
{"level":"info","message":"undefined - API Server Start At Port 3000","timestamp":"2022-10-02 02:56:26"}
{"level":"info","message":"undefined - API Server Start At Port 3000","timestamp":"2022-10-02 02:56:31"}
{"level":"info","message":"undefined - API Server Start At Port 3000","timestamp":"2022-10-02 02:56:35"}
{"level":"info","message":"undefined - API Server Start At Port 3000","timestamp":"2022-10-02 02:56:43"}
{"level":"info","message":"undefined - API Server Start At Port 3000","timestamp":"2022-10-02 02:56:45"}
{"level":"info","message":"undefined - API Server Start At Port 3000","timestamp":"2022-10-02 02:57:05"}
{"level":"info","message":"undefined - API Server Start At Port 3000","timestamp":"2022-10-02 02:57:09"}
{"level":"info","message":"undefined - API Server Start At Port 3000","timestamp":"2022-10-02 02:57:15"}
{"level":"info","message":"undefined - API Server Start At Port 3000","timestamp":"2022-10-02 02:57:20"}
{"level":"info","message":"undefined - API Server Start At Port 3000","timestamp":"2022-10-02 02:57:25"}
{"level":"info","message":"undefined - API Server Start At Port 3000","timestamp":"2022-10-02 03:05:13"}
{"level":"info","message":"undefined - API Server Start At Port 3000","timestamp":"2022-10-02 03:05:25"}
{"level":"info","message":"undefined - API Server Start At Port 3000","timestamp":"2022-10-02 03:06:44"}
{"level":"info","message":"undefined - API Server Start At Port 3000","timestamp":"2022-10-02 03:06:48"}
{"level":"info","message":"undefined - API Server Start At Port 3000","timestamp":"2022-10-02 03:06:51"}
{"level":"info","message":"undefined - API Server Start At Port 3000","timestamp":"2022-10-02 03:06:52"}
{"level":"info","message":"undefined - API Server Start At Port 3000","timestamp":"2022-10-02 03:06:54"}
{"level":"info","message":"undefined - API Server Start At Port 3000","timestamp":"2022-10-02 03:06:56"}
{"level":"info","message":"undefined - API Server Start At Port 3000","timestamp":"2022-10-02 03:16:33"}
{"level":"info","message":"undefined - API Server Start At Port 3000","timestamp":"2022-10-02 03:16:42"}
{"level":"info","message":"undefined - API Server Start At Port 3000","timestamp":"2022-10-02 03:16:51"}
{"level":"info","message":"undefined - API Server Start At Port 3000","timestamp":"2022-10-02 03:17:21"}
{"level":"info","message":"undefined - API Server Start At Port 3000","timestamp":"2022-10-02 03:17:57"}
{"level":"info","message":"undefined - API Server Start At Port 3000","timestamp":"2022-10-02 03:18:42"}
{"level":"error","message":"App - getPetSitterDetail Service error\n: petSitterInfo is not defined \n{}","timestamp":"2022-10-02 03:18:47"}
{"level":"info","message":"undefined - API Server Start At Port 3000","timestamp":"2022-10-02 03:26:22"}
{"level":"info","message":"undefined - API Server Start At Port 3000","timestamp":"2022-10-02 03:41:11"}
{"level":"info","message":"undefined - API Server Start At Port 3000","timestamp":"2022-10-02 03:42:08"}
{"level":"info","message":"undefined - API Server Start At Port 3000","timestamp":"2022-10-02 03:43:10"}
{"level":"info","message":"undefined - API Server Start At Port 3000","timestamp":"2022-10-02 03:43:17"}
{"level":"info","message":"undefined - API Server Start At Port 3000","timestamp":"2022-10-02 03:43:25"}
{"level":"info","message":"undefined - API Server Start At Port 3000","timestamp":"2022-10-02 03:43:29"}
{"level":"info","message":"undefined - API Server Start At Port 3000","timestamp":"2022-10-02 03:43:33"}
{"level":"info","message":"undefined - API Server Start At Port 3000","timestamp":"2022-10-02 03:43:50"}
{"level":"info","message":"undefined - API Server Start At Port 3000","timestamp":"2022-10-02 03:43:55"}
{"level":"info","message":"undefined - API Server Start At Port 3000","timestamp":"2022-10-02 03:44:04"}
{"level":"info","message":"undefined - API Server Start At Port 3000","timestamp":"2022-10-02 03:44:17"}
{"level":"info","message":"undefined - API Server Start At Port 3000","timestamp":"2022-10-02 03:50:13"}
{"level":"info","message":"undefined - API Server Start At Port 3000","timestamp":"2022-10-02 03:50:18"}
{"level":"info","message":"undefined - API Server Start At Port 3000","timestamp":"2022-10-02 03:51:57"}
{"level":"info","message":"undefined - API Server Start At Port 3000","timestamp":"2022-10-02 03:52:28"}
{"level":"info","message":"undefined - API Server Start At Port 3000","timestamp":"2022-10-02 03:53:00"}
{"level":"info","message":"undefined - API Server Start At Port 3000","timestamp":"2022-10-02 03:53:03"}
{"level":"info","message":"undefined - API Server Start At Port 3000","timestamp":"2022-10-02 13:50:33"}
{"level":"info","message":"undefined - API Server Start At Port 3000","timestamp":"2022-10-02 13:51:44"}
{"level":"info","message":"undefined - API Server Start At Port 3000","timestamp":"2022-10-02 14:18:11"}
{"level":"info","message":"undefined - API Server Start At Port 3000","timestamp":"2022-10-02 14:18:38"}
{"level":"info","message":"undefined - API Server Start At Port 3000","timestamp":"2022-10-02 14:19:15"}
{"level":"error","message":"App - evaluateService Service error\n: Table 'capstonedesign1.servicess' doesn't exist \n{\"message\":\"Table 'capstonedesign1.servicess' doesn't exist\",\"code\":\"ER_NO_SUCH_TABLE\",\"errno\":1146,\"sql\":\"\\n        SELECT userId,status,completeRequestCount\\n        FROM Servicess\\n        WHERE serviceId=1;\\n    \",\"sqlState\":\"42S02\",\"sqlMessage\":\"Table 'capstonedesign1.servicess' doesn't exist\"}","timestamp":"2022-10-02 14:19:18"}
{"level":"info","message":"undefined - API Server Start At Port 3000","timestamp":"2022-10-02 14:19:30"}
{"level":"info","message":"undefined - API Server Start At Port 3000","timestamp":"2022-10-02 14:20:01"}
{"level":"info","message":"undefined - API Server Start At Port 3000","timestamp":"2022-10-02 14:20:05"}
{"level":"info","message":"undefined - API Server Start At Port 3000","timestamp":"2022-10-02 14:20:17"}
{"level":"info","message":"undefined - API Server Start At Port 3000","timestamp":"2022-10-02 14:20:24"}
{"level":"info","message":"undefined - API Server Start At Port 3000","timestamp":"2022-10-02 14:20:29"}
{"level":"info","message":"undefined - API Server Start At Port 3000","timestamp":"2022-10-02 14:20:52"}
{"level":"info","message":"undefined - API Server Start At Port 3000","timestamp":"2022-10-02 14:21:09"}
{"level":"info","message":"undefined - API Server Start At Port 3000","timestamp":"2022-10-02 14:21:19"}
{"level":"info","message":"undefined - API Server Start At Port 3000","timestamp":"2022-10-02 14:21:54"}
{"level":"info","message":"undefined - API Server Start At Port 3000","timestamp":"2022-10-02 14:21:56"}
{"level":"info","message":"undefined - API Server Start At Port 3000","timestamp":"2022-10-02 14:22:09"}
{"level":"info","message":"undefined - API Server Start At Port 3000","timestamp":"2022-10-02 14:22:19"}
{"level":"info","message":"undefined - API Server Start At Port 3000","timestamp":"2022-10-02 14:22:25"}
{"level":"info","message":"undefined - API Server Start At Port 3000","timestamp":"2022-10-02 15:15:17"}
{"level":"info","message":"undefined - API Server Start At Port 3000","timestamp":"2022-10-02 15:16:42"}
{"level":"info","message":"undefined - API Server Start At Port 3000","timestamp":"2022-10-02 15:17:06"}
{"level":"info","message":"undefined - API Server Start At Port 3000","timestamp":"2022-10-02 15:17:31"}
{"level":"info","message":"undefined - API Server Start At Port 3000","timestamp":"2022-10-02 15:17:42"}
{"level":"info","message":"undefined - API Server Start At Port 3000","timestamp":"2022-10-02 15:17:55"}
{"level":"info","message":"undefined - API Server Start At Port 3000","timestamp":"2022-10-02 15:18:00"}
{"level":"info","message":"undefined - API Server Start At Port 3000","timestamp":"2022-10-02 15:18:24"}
{"level":"info","message":"undefined - API Server Start At Port 3000","timestamp":"2022-10-02 15:18:30"}
{"level":"info","message":"undefined - API Server Start At Port 3000","timestamp":"2022-10-02 15:19:23"}
{"level":"info","message":"undefined - API Server Start At Port 3000","timestamp":"2022-10-02 15:19:28"}
{"level":"info","message":"undefined - API Server Start At Port 3000","timestamp":"2022-10-02 15:19:33"}
{"level":"info","message":"undefined - API Server Start At Port 3000","timestamp":"2022-10-02 15:21:24"}
{"level":"info","message":"undefined - API Server Start At Port 3000","timestamp":"2022-10-02 15:21:30"}
{"level":"info","message":"undefined - API Server Start At Port 3000","timestamp":"2022-10-02 15:21:32"}
{"level":"info","message":"undefined - API Server Start At Port 3000","timestamp":"2022-10-02 15:21:45"}
{"level":"info","message":"undefined - API Server Start At Port 3000","timestamp":"2022-10-02 15:21:57"}
{"level":"info","message":"undefined - API Server Start At Port 3000","timestamp":"2022-10-02 15:21:58"}
{"level":"info","message":"undefined - API Server Start At Port 3000","timestamp":"2022-10-02 15:22:06"}
{"level":"info","message":"undefined - API Server Start At Port 3000","timestamp":"2022-10-02 15:22:29"}
{"level":"info","message":"undefined - API Server Start At Port 3000","timestamp":"2022-10-02 15:22:43"}
{"level":"info","message":"undefined - API Server Start At Port 3000","timestamp":"2022-10-02 15:22:57"}
{"level":"info","message":"undefined - API Server Start At Port 3000","timestamp":"2022-10-02 15:23:00"}
{"level":"info","message":"undefined - API Server Start At Port 3000","timestamp":"2022-10-02 15:23:55"}
{"level":"info","message":"undefined - API Server Start At Port 3000","timestamp":"2022-10-02 15:24:05"}
{"level":"info","message":"undefined - API Server Start At Port 3000","timestamp":"2022-10-02 15:24:37"}
{"level":"info","message":"undefined - API Server Start At Port 3000","timestamp":"2022-10-02 15:24:57"}
{"level":"info","message":"undefined - API Server Start At Port 3000","timestamp":"2022-10-02 15:25:16"}
{"level":"error","message":"App - evaluateService Service error\n: Table 'capstonedesign1.servicess' doesn't exist \n{\"message\":\"Table 'capstonedesign1.servicess' doesn't exist\",\"code\":\"ER_NO_SUCH_TABLE\",\"errno\":1146,\"sql\":\"\\n        SELECT serviceId,userId,status,completeRequestCount\\n        FROM Servicess\\n        WHERE serviceId=1;\\n    \",\"sqlState\":\"42S02\",\"sqlMessage\":\"Table 'capstonedesign1.servicess' doesn't exist\"}","timestamp":"2022-10-02 15:25:17"}
{"level":"info","message":"undefined - API Server Start At Port 3000","timestamp":"2022-10-02 15:25:23"}
{"level":"info","message":"undefined - API Server Start At Port 3000","timestamp":"2022-10-02 15:33:31"}
{"level":"info","message":"undefined - API Server Start At Port 3000","timestamp":"2022-10-02 15:34:53"}
{"level":"info","message":"undefined - API Server Start At Port 3000","timestamp":"2022-10-02 15:35:09"}
{"level":"info","message":"undefined - API Server Start At Port 3000","timestamp":"2022-10-02 15:35:16"}
{"level":"info","message":"undefined - API Server Start At Port 3000","timestamp":"2022-10-02 15:35:31"}
{"level":"info","message":"undefined - API Server Start At Port 3000","timestamp":"2022-10-02 15:35:47"}
{"level":"info","message":"undefined - API Server Start At Port 3000","timestamp":"2022-10-02 15:35:52"}
{"level":"info","message":"undefined - API Server Start At Port 3000","timestamp":"2022-10-02 15:35:56"}
{"level":"info","message":"undefined - API Server Start At Port 3000","timestamp":"2022-10-02 15:36:04"}
{"level":"info","message":"undefined - API Server Start At Port 3000","timestamp":"2022-10-02 15:36:08"}
{"level":"info","message":"undefined - API Server Start At Port 3000","timestamp":"2022-10-02 15:36:22"}
{"level":"info","message":"undefined - API Server Start At Port 3000","timestamp":"2022-10-02 15:36:25"}
{"level":"info","message":"undefined - API Server Start At Port 3000","timestamp":"2022-10-02 16:36:05"}
{"level":"info","message":"undefined - API Server Start At Port 3000","timestamp":"2022-10-02 16:36:22"}
{"level":"info","message":"undefined - API Server Start At Port 3000","timestamp":"2022-10-02 16:36:29"}
{"level":"info","message":"undefined - API Server Start At Port 3000","timestamp":"2022-10-02 16:36:32"}
{"level":"info","message":"undefined - API Server Start At Port 3000","timestamp":"2022-10-02 16:36:39"}
{"level":"info","message":"undefined - API Server Start At Port 3000","timestamp":"2022-10-02 16:36:42"}
{"level":"info","message":"undefined - API Server Start At Port 3000","timestamp":"2022-10-02 16:37:10"}
{"level":"info","message":"undefined - API Server Start At Port 3000","timestamp":"2022-10-02 16:37:34"}
{"level":"info","message":"undefined - API Server Start At Port 3000","timestamp":"2022-10-02 16:37:48"}
{"level":"info","message":"undefined - API Server Start At Port 3000","timestamp":"2022-10-02 16:37:57"}
{"level":"info","message":"undefined - API Server Start At Port 3000","timestamp":"2022-10-02 16:38:08"}
{"level":"info","message":"undefined - API Server Start At Port 3000","timestamp":"2022-10-02 16:38:15"}
{"level":"info","message":"undefined - API Server Start At Port 3000","timestamp":"2022-10-02 16:38:22"}
{"level":"info","message":"undefined - API Server Start At Port 3000","timestamp":"2022-10-02 16:38:26"}
{"level":"info","message":"undefined - API Server Start At Port 3000","timestamp":"2022-10-02 16:39:14"}
{"level":"info","message":"undefined - API Server Start At Port 3000","timestamp":"2022-10-02 16:39:18"}
{"level":"info","message":"undefined - API Server Start At Port 3000","timestamp":"2022-10-02 16:39:22"}
{"level":"info","message":"undefined - API Server Start At Port 3000","timestamp":"2022-10-02 16:40:00"}
{"level":"info","message":"undefined - API Server Start At Port 3000","timestamp":"2022-10-02 16:40:10"}
{"level":"info","message":"undefined - API Server Start At Port 3000","timestamp":"2022-10-02 16:40:19"}
{"level":"info","message":"undefined - API Server Start At Port 3000","timestamp":"2022-10-02 16:40:29"}
{"level":"error","message":"App - evaluateService Service error\n: connection.query is not a function \n{}","timestamp":"2022-10-02 16:41:22"}
{"level":"info","message":"undefined - API Server Start At Port 3000","timestamp":"2022-10-02 16:41:42"}
{"level":"info","message":"undefined - API Server Start At Port 3000","timestamp":"2022-10-02 16:42:20"}
{"level":"error","message":"App - evaluateService Service error\n: You have an error in your SQL syntax; check the manual that corresponds to your MySQL server version for the right syntax to use near 'WHERE serviceId=1' at line 3 \n{\"message\":\"You have an error in your SQL syntax; check the manual that corresponds to your MySQL server version for the right syntax to use near 'WHERE serviceId=1' at line 3\",\"code\":\"ER_PARSE_ERROR\",\"errno\":1064,\"sql\":\"\\n        UPDATE Services\\n        SET completeRequestCount=(completeRequestCount+1), evaluation=NULL;\\n        WHERE serviceId=1\\n    \",\"sqlState\":\"42000\",\"sqlMessage\":\"You have an error in your SQL syntax; check the manual that corresponds to your MySQL server version for the right syntax to use near 'WHERE serviceId=1' at line 3\"}","timestamp":"2022-10-02 16:42:28"}
{"level":"info","message":"undefined - API Server Start At Port 3000","timestamp":"2022-10-02 16:42:47"}
{"level":"error","message":"App - evaluateService Service error\n: Column 'evaluation' cannot be null \n{\"message\":\"Column 'evaluation' cannot be null\",\"code\":\"ER_BAD_NULL_ERROR\",\"errno\":1048,\"sql\":\"\\n        UPDATE Services\\n        SET completeRequestCount=(completeRequestCount+1), evaluation=NULL\\n        WHERE serviceId=1;\\n    \",\"sqlState\":\"23000\",\"sqlMessage\":\"Column 'evaluation' cannot be null\"}","timestamp":"2022-10-02 16:42:48"}
{"level":"info","message":"undefined - API Server Start At Port 3000","timestamp":"2022-10-02 16:43:19"}
{"level":"info","message":"undefined - API Server Start At Port 3000","timestamp":"2022-10-02 16:46:19"}
{"level":"info","message":"undefined - API Server Start At Port 3000","timestamp":"2022-10-02 16:46:28"}
{"level":"info","message":"undefined - API Server Start At Port 3000","timestamp":"2022-10-02 16:46:38"}
{"level":"info","message":"undefined - API Server Start At Port 3000","timestamp":"2022-10-02 16:46:41"}
{"level":"info","message":"undefined - API Server Start At Port 3000","timestamp":"2022-10-02 16:47:38"}
{"level":"info","message":"undefined - API Server Start At Port 3000","timestamp":"2022-10-02 16:48:11"}
{"level":"info","message":"undefined - API Server Start At Port 3000","timestamp":"2022-10-02 16:48:23"}
{"level":"info","message":"undefined - API Server Start At Port 3000","timestamp":"2022-10-02 21:24:01"}
{"level":"info","message":"undefined - API Server Start At Port 3000","timestamp":"2022-10-02 21:24:40"}
{"level":"info","message":"undefined - API Server Start At Port 3000","timestamp":"2022-10-02 21:24:45"}
{"level":"info","message":"undefined - API Server Start At Port 3000","timestamp":"2022-10-02 21:24:58"}
{"level":"info","message":"undefined - API Server Start At Port 3000","timestamp":"2022-10-02 21:26:47"}
{"level":"info","message":"undefined - API Server Start At Port 3000","timestamp":"2022-10-02 21:26:58"}
{"level":"info","message":"undefined - API Server Start At Port 3000","timestamp":"2022-10-02 21:26:59"}
{"level":"info","message":"undefined - API Server Start At Port 3000","timestamp":"2022-10-02 21:27:02"}
{"level":"info","message":"undefined - API Server Start At Port 3000","timestamp":"2022-10-02 21:27:06"}
{"level":"info","message":"undefined - API Server Start At Port 3000","timestamp":"2022-10-02 21:27:07"}
{"level":"info","message":"undefined - API Server Start At Port 3000","timestamp":"2022-10-02 21:27:25"}
{"level":"info","message":"undefined - API Server Start At Port 3000","timestamp":"2022-10-02 21:27:30"}
{"level":"info","message":"undefined - API Server Start At Port 3000","timestamp":"2022-10-02 21:27:48"}
{"level":"info","message":"undefined - API Server Start At Port 3000","timestamp":"2022-10-02 21:27:56"}
{"level":"info","message":"undefined - API Server Start At Port 3000","timestamp":"2022-10-02 21:28:03"}
{"level":"info","message":"undefined - API Server Start At Port 3000","timestamp":"2022-10-02 21:28:19"}
{"level":"info","message":"undefined - API Server Start At Port 3000","timestamp":"2022-10-02 21:28:25"}
{"level":"info","message":"undefined - API Server Start At Port 3000","timestamp":"2022-10-02 21:28:31"}
{"level":"info","message":"undefined - API Server Start At Port 3000","timestamp":"2022-10-02 21:28:38"}
{"level":"info","message":"undefined - API Server Start At Port 3000","timestamp":"2022-10-02 21:28:47"}
{"level":"info","message":"undefined - API Server Start At Port 3000","timestamp":"2022-10-02 21:28:50"}
{"level":"info","message":"undefined - API Server Start At Port 3000","timestamp":"2022-10-02 21:28:54"}
{"level":"info","message":"undefined - API Server Start At Port 3000","timestamp":"2022-10-02 21:28:56"}
{"level":"info","message":"undefined - API Server Start At Port 3000","timestamp":"2022-10-02 21:29:01"}
{"level":"info","message":"undefined - API Server Start At Port 3000","timestamp":"2022-10-02 21:29:06"}
{"level":"info","message":"undefined - API Server Start At Port 3000","timestamp":"2022-10-02 21:29:18"}
{"level":"info","message":"undefined - API Server Start At Port 3000","timestamp":"2022-10-02 21:29:22"}
{"level":"info","message":"undefined - API Server Start At Port 3000","timestamp":"2022-10-02 21:29:35"}
{"level":"info","message":"undefined - API Server Start At Port 3000","timestamp":"2022-10-02 21:29:44"}
{"level":"info","message":"undefined - API Server Start At Port 3000","timestamp":"2022-10-02 21:29:46"}
{"level":"info","message":"undefined - API Server Start At Port 3000","timestamp":"2022-10-02 21:29:49"}
{"level":"info","message":"undefined - API Server Start At Port 3000","timestamp":"2022-10-02 21:29:53"}
{"level":"info","message":"undefined - API Server Start At Port 3000","timestamp":"2022-10-02 21:30:00"}
{"level":"info","message":"undefined - API Server Start At Port 3000","timestamp":"2022-10-02 21:30:17"}
{"level":"info","message":"undefined - API Server Start At Port 3000","timestamp":"2022-10-02 21:30:27"}
{"level":"info","message":"undefined - API Server Start At Port 3000","timestamp":"2022-10-02 21:30:29"}
{"level":"info","message":"undefined - API Server Start At Port 3000","timestamp":"2022-10-02 21:30:36"}
{"level":"info","message":"undefined - API Server Start At Port 3000","timestamp":"2022-10-02 21:30:39"}
{"level":"info","message":"undefined - API Server Start At Port 3000","timestamp":"2022-10-02 21:30:46"}
{"level":"info","message":"undefined - API Server Start At Port 3000","timestamp":"2022-10-02 21:30:50"}
{"level":"info","message":"undefined - API Server Start At Port 3000","timestamp":"2022-10-02 21:30:54"}
{"level":"info","message":"undefined - API Server Start At Port 3000","timestamp":"2022-10-02 21:30:59"}
{"level":"info","message":"undefined - API Server Start At Port 3000","timestamp":"2022-10-02 21:31:02"}
{"level":"info","message":"undefined - API Server Start At Port 3000","timestamp":"2022-10-02 21:31:12"}
{"level":"info","message":"undefined - API Server Start At Port 3000","timestamp":"2022-10-02 21:31:14"}
{"level":"info","message":"undefined - API Server Start At Port 3000","timestamp":"2022-10-02 21:31:21"}
{"level":"info","message":"undefined - API Server Start At Port 3000","timestamp":"2022-10-02 21:31:51"}
{"level":"info","message":"undefined - API Server Start At Port 3000","timestamp":"2022-10-02 21:39:46"}
{"level":"info","message":"undefined - API Server Start At Port 3000","timestamp":"2022-10-02 21:40:01"}
{"level":"info","message":"undefined - API Server Start At Port 3000","timestamp":"2022-10-02 21:41:01"}
{"level":"info","message":"undefined - API Server Start At Port 3000","timestamp":"2022-10-02 21:41:11"}
{"level":"info","message":"undefined - API Server Start At Port 3000","timestamp":"2022-10-02 21:41:16"}
{"level":"info","message":"undefined - API Server Start At Port 3000","timestamp":"2022-10-02 21:41:18"}
{"level":"info","message":"undefined - API Server Start At Port 3000","timestamp":"2022-10-02 21:41:36"}
{"level":"info","message":"undefined - API Server Start At Port 3000","timestamp":"2022-10-02 21:41:42"}
{"level":"info","message":"undefined - API Server Start At Port 3000","timestamp":"2022-10-02 21:41:44"}
{"level":"info","message":"undefined - API Server Start At Port 3000","timestamp":"2022-10-02 21:41:50"}
{"level":"info","message":"undefined - API Server Start At Port 3000","timestamp":"2022-10-02 21:43:35"}
{"level":"info","message":"undefined - API Server Start At Port 3000","timestamp":"2022-10-02 21:43:38"}
{"level":"info","message":"undefined - API Server Start At Port 3000","timestamp":"2022-10-02 21:43:55"}
{"level":"info","message":"undefined - API Server Start At Port 3000","timestamp":"2022-10-02 21:44:05"}
{"level":"info","message":"undefined - API Server Start At Port 3000","timestamp":"2022-10-02 21:44:22"}
{"level":"info","message":"undefined - API Server Start At Port 3000","timestamp":"2022-10-02 21:44:35"}
{"level":"info","message":"undefined - API Server Start At Port 3000","timestamp":"2022-10-02 21:44:50"}
{"level":"info","message":"undefined - API Server Start At Port 3000","timestamp":"2022-10-02 21:44:56"}
{"level":"info","message":"undefined - API Server Start At Port 3000","timestamp":"2022-10-02 21:45:01"}
{"level":"info","message":"undefined - API Server Start At Port 3000","timestamp":"2022-10-02 21:45:14"}
{"level":"info","message":"undefined - API Server Start At Port 3000","timestamp":"2022-10-02 21:45:28"}
{"level":"info","message":"undefined - API Server Start At Port 3000","timestamp":"2022-10-02 21:45:42"}
{"level":"info","message":"undefined - API Server Start At Port 3000","timestamp":"2022-10-02 21:45:49"}
{"level":"info","message":"undefined - API Server Start At Port 3000","timestamp":"2022-10-02 21:46:04"}
{"level":"info","message":"undefined - API Server Start At Port 3000","timestamp":"2022-10-02 21:46:29"}
{"level":"info","message":"undefined - API Server Start At Port 3000","timestamp":"2022-10-02 21:47:14"}
{"level":"info","message":"undefined - API Server Start At Port 3000","timestamp":"2022-10-02 21:48:05"}
{"level":"info","message":"undefined - API Server Start At Port 3000","timestamp":"2022-10-02 21:48:45"}
{"level":"info","message":"undefined - API Server Start At Port 3000","timestamp":"2022-10-02 21:48:48"}
{"level":"info","message":"undefined - API Server Start At Port 3000","timestamp":"2022-10-02 21:48:52"}
{"level":"info","message":"undefined - API Server Start At Port 3000","timestamp":"2022-10-02 21:49:32"}
{"level":"info","message":"undefined - API Server Start At Port 3000","timestamp":"2022-10-02 21:49:44"}
{"level":"info","message":"undefined - API Server Start At Port 3000","timestamp":"2022-10-02 21:50:08"}
{"level":"info","message":"undefined - API Server Start At Port 3000","timestamp":"2022-10-02 21:50:16"}
{"level":"info","message":"undefined - API Server Start At Port 3000","timestamp":"2022-10-02 21:50:22"}
{"level":"info","message":"undefined - API Server Start At Port 3000","timestamp":"2022-10-02 21:50:24"}
{"level":"info","message":"undefined - API Server Start At Port 3000","timestamp":"2022-10-02 21:50:30"}
{"level":"info","message":"undefined - API Server Start At Port 3000","timestamp":"2022-10-02 21:50:36"}
{"level":"info","message":"undefined - API Server Start At Port 3000","timestamp":"2022-10-02 21:51:08"}
{"level":"info","message":"undefined - API Server Start At Port 3000","timestamp":"2022-10-02 21:51:15"}
{"level":"info","message":"undefined - API Server Start At Port 3000","timestamp":"2022-10-02 21:51:18"}
{"level":"info","message":"undefined - API Server Start At Port 3000","timestamp":"2022-10-02 21:51:55"}
{"level":"info","message":"undefined - API Server Start At Port 3000","timestamp":"2022-10-02 21:52:20"}
{"level":"info","message":"undefined - API Server Start At Port 3000","timestamp":"2022-10-02 21:52:26"}
{"level":"info","message":"undefined - API Server Start At Port 3000","timestamp":"2022-10-02 21:52:36"}
{"level":"error","message":"App - getCurrentService Provider error\n: Cannot read properties of undefined (reading 'userId') \n{}","timestamp":"2022-10-02 21:52:52"}
{"level":"info","message":"undefined - API Server Start At Port 3000","timestamp":"2022-10-02 21:53:48"}
{"level":"error","message":"App - getCurrentService Provider error\n: Cannot read properties of undefined (reading 'userId') \n{}","timestamp":"2022-10-02 21:53:51"}
{"level":"info","message":"undefined - API Server Start At Port 3000","timestamp":"2022-10-02 21:54:58"}
{"level":"info","message":"undefined - API Server Start At Port 3000","timestamp":"2022-10-02 21:55:11"}
{"level":"error","message":"App - getCurrentService Provider error\n: Cannot read properties of undefined (reading 'length') \n{}","timestamp":"2022-10-02 21:55:11"}
{"level":"info","message":"undefined - API Server Start At Port 3000","timestamp":"2022-10-02 21:55:36"}
{"level":"error","message":"App - getCurrentService Provider error\n: Cannot read properties of undefined (reading 'length') \n{}","timestamp":"2022-10-02 21:55:37"}
{"level":"info","message":"undefined - API Server Start At Port 3000","timestamp":"2022-10-02 21:55:48"}
{"level":"error","message":"App - getCurrentService Provider error\n: Cannot read properties of undefined (reading 'length') \n{}","timestamp":"2022-10-02 21:55:48"}
{"level":"info","message":"undefined - API Server Start At Port 3000","timestamp":"2022-10-02 21:56:04"}
{"level":"error","message":"App - getCurrentService Provider error\n: Cannot read properties of undefined (reading 'length') \n{}","timestamp":"2022-10-02 21:56:05"}
{"level":"info","message":"undefined - API Server Start At Port 3000","timestamp":"2022-10-02 21:56:32"}
{"level":"error","message":"App - getCurrentService Provider error\n: Cannot read properties of undefined (reading 'length') \n{}","timestamp":"2022-10-02 21:56:33"}
{"level":"info","message":"undefined - API Server Start At Port 3000","timestamp":"2022-10-02 21:57:08"}
{"level":"info","message":"undefined - API Server Start At Port 3000","timestamp":"2022-10-02 21:57:15"}
{"level":"error","message":"App - getCurrentService Provider error\n: Cannot read properties of undefined (reading 'length') \n{}","timestamp":"2022-10-02 21:57:22"}
{"level":"info","message":"undefined - API Server Start At Port 3000","timestamp":"2022-10-02 21:57:39"}
{"level":"error","message":"App - getCurrentService Provider error\n: Cannot read properties of undefined (reading 'length') \n{}","timestamp":"2022-10-02 21:57:41"}
{"level":"info","message":"undefined - API Server Start At Port 3000","timestamp":"2022-10-02 21:57:48"}
{"level":"error","message":"App - getCurrentService Provider error\n: Cannot read properties of undefined (reading 'length') \n{}","timestamp":"2022-10-02 21:57:49"}
{"level":"error","message":"App - getCurrentService Provider error\n: Cannot read properties of undefined (reading 'length') \n{}","timestamp":"2022-10-02 21:57:50"}
{"level":"info","message":"undefined - API Server Start At Port 3000","timestamp":"2022-10-02 21:58:03"}
{"level":"info","message":"undefined - API Server Start At Port 3000","timestamp":"2022-10-02 21:58:06"}
{"level":"info","message":"undefined - API Server Start At Port 3000","timestamp":"2022-10-02 21:58:27"}
{"level":"info","message":"undefined - API Server Start At Port 3000","timestamp":"2022-10-02 21:58:35"}
{"level":"info","message":"undefined - API Server Start At Port 3000","timestamp":"2022-10-02 21:58:48"}
{"level":"info","message":"undefined - API Server Start At Port 3000","timestamp":"2022-10-02 21:58:50"}
{"level":"info","message":"undefined - API Server Start At Port 3000","timestamp":"2022-10-02 21:58:57"}
