{"level":"info","message":"undefined - API Server Start At Port 3000","timestamp":"2022-10-01 00:00:05"}
{"level":"info","message":"undefined - API Server Start At Port 3000","timestamp":"2022-10-01 00:00:07"}
{"level":"info","message":"undefined - API Server Start At Port 3000","timestamp":"2022-10-01 00:00:30"}
{"level":"info","message":"undefined - API Server Start At Port 3000","timestamp":"2022-10-01 00:00:38"}
{"level":"info","message":"undefined - API Server Start At Port 3000","timestamp":"2022-10-01 00:00:41"}
{"level":"info","message":"undefined - API Server Start At Port 3000","timestamp":"2022-10-01 00:00:54"}
{"level":"info","message":"undefined - API Server Start At Port 3000","timestamp":"2022-10-01 00:01:12"}
{"level":"info","message":"undefined - API Server Start At Port 3000","timestamp":"2022-10-01 00:01:16"}
{"level":"info","message":"undefined - API Server Start At Port 3000","timestamp":"2022-10-01 00:01:20"}
{"level":"info","message":"undefined - API Server Start At Port 3000","timestamp":"2022-10-01 00:01:43"}
{"level":"info","message":"undefined - API Server Start At Port 3000","timestamp":"2022-10-01 00:03:07"}
{"level":"info","message":"undefined - API Server Start At Port 3000","timestamp":"2022-10-01 00:03:25"}
{"level":"info","message":"undefined - API Server Start At Port 3000","timestamp":"2022-10-01 00:03:44"}
{"level":"error","message":"App - createUser Service error\n: Column 'profileImgUrl' cannot be null","timestamp":"2022-10-01 00:09:48"}
{"level":"info","message":"undefined - API Server Start At Port 3000","timestamp":"2022-10-01 00:10:46"}
{"level":"info","message":"undefined - API Server Start At Port 3000","timestamp":"2022-10-01 00:11:20"}
{"level":"info","message":"undefined - API Server Start At Port 3000","timestamp":"2022-10-01 00:12:00"}
{"level":"info","message":"undefined - API Server Start At Port 3000","timestamp":"2022-10-01 00:12:12"}
{"level":"error","message":"App - createUser Service error\n: Column 'profileImgUrl' cannot be null","timestamp":"2022-10-01 00:12:17"}
{"level":"info","message":"undefined - API Server Start At Port 3000","timestamp":"2022-10-01 00:13:30"}
{"level":"info","message":"undefined - API Server Start At Port 3000","timestamp":"2022-10-01 00:13:38"}
{"level":"error","message":"App - createUser Service error\n: Column 'profileImgUrl' cannot be null","timestamp":"2022-10-01 00:16:38"}
{"level":"info","message":"undefined - API Server Start At Port 3000","timestamp":"2022-10-01 00:28:33"}
{"level":"info","message":"undefined - API Server Start At Port 3000","timestamp":"2022-10-01 00:28:34"}
{"level":"error","message":"App - createUser Service error\n: Column 'profileImgUrl' cannot be null","timestamp":"2022-10-01 00:28:55"}
{"level":"info","message":"undefined - API Server Start At Port 3000","timestamp":"2022-10-01 00:29:03"}
{"level":"error","message":"App - createUser Service error\n: Column 'profileImgUrl' cannot be null","timestamp":"2022-10-01 00:29:18"}
{"level":"info","message":"undefined - API Server Start At Port 3000","timestamp":"2022-10-01 00:29:36"}
{"level":"info","message":"undefined - API Server Start At Port 3000","timestamp":"2022-10-01 00:31:32"}
{"level":"info","message":"undefined - API Server Start At Port 3000","timestamp":"2022-10-01 00:31:44"}
{"level":"info","message":"undefined - API Server Start At Port 3000","timestamp":"2022-10-01 00:31:52"}
{"level":"info","message":"undefined - API Server Start At Port 3000","timestamp":"2022-10-01 00:32:06"}
{"level":"info","message":"undefined - API Server Start At Port 3000","timestamp":"2022-10-01 00:32:18"}
{"level":"info","message":"undefined - API Server Start At Port 3000","timestamp":"2022-10-01 00:32:21"}
{"level":"info","message":"undefined - API Server Start At Port 3000","timestamp":"2022-10-01 00:32:41"}
{"level":"info","message":"undefined - API Server Start At Port 3000","timestamp":"2022-10-01 00:32:53"}
{"level":"info","message":"undefined - API Server Start At Port 3000","timestamp":"2022-10-01 00:32:54"}
{"level":"info","message":"undefined - API Server Start At Port 3000","timestamp":"2022-10-01 00:33:12"}
{"level":"info","message":"undefined - API Server Start At Port 3000","timestamp":"2022-10-01 00:33:19"}
{"level":"info","message":"undefined - API Server Start At Port 3000","timestamp":"2022-10-01 00:33:22"}
{"level":"info","message":"undefined - API Server Start At Port 3000","timestamp":"2022-10-01 00:33:28"}
{"level":"info","message":"undefined - API Server Start At Port 3000","timestamp":"2022-10-01 00:33:37"}
{"level":"info","message":"undefined - API Server Start At Port 3000","timestamp":"2022-10-01 00:33:43"}
{"level":"info","message":"undefined - API Server Start At Port 3000","timestamp":"2022-10-01 00:33:45"}
{"level":"info","message":"undefined - API Server Start At Port 3000","timestamp":"2022-10-01 00:34:13"}
{"level":"info","message":"undefined - API Server Start At Port 3000","timestamp":"2022-10-01 00:34:31"}
{"level":"info","message":"undefined - API Server Start At Port 3000","timestamp":"2022-10-01 00:35:15"}
{"level":"info","message":"undefined - API Server Start At Port 3000","timestamp":"2022-10-01 00:35:22"}
{"level":"info","message":"undefined - API Server Start At Port 3000","timestamp":"2022-10-01 00:36:19"}
{"level":"info","message":"undefined - API Server Start At Port 3000","timestamp":"2022-10-01 00:36:34"}
{"level":"info","message":"undefined - API Server Start At Port 3000","timestamp":"2022-10-01 00:36:57"}
{"level":"info","message":"undefined - API Server Start At Port 3000","timestamp":"2022-10-01 00:37:13"}
{"level":"info","message":"undefined - API Server Start At Port 3000","timestamp":"2022-10-01 00:37:19"}
{"level":"info","message":"undefined - API Server Start At Port 3000","timestamp":"2022-10-01 00:37:51"}
{"level":"info","message":"undefined - API Server Start At Port 3000","timestamp":"2022-10-01 00:37:58"}
{"level":"info","message":"undefined - API Server Start At Port 3000","timestamp":"2022-10-01 00:38:21"}
{"level":"info","message":"undefined - API Server Start At Port 3000","timestamp":"2022-10-01 00:38:32"}
{"level":"info","message":"undefined - API Server Start At Port 3000","timestamp":"2022-10-01 00:38:41"}
{"level":"info","message":"undefined - API Server Start At Port 3000","timestamp":"2022-10-01 00:39:05"}
{"level":"info","message":"undefined - API Server Start At Port 3000","timestamp":"2022-10-01 00:39:12"}
{"level":"info","message":"undefined - API Server Start At Port 3000","timestamp":"2022-10-01 00:39:39"}
{"level":"error","message":"App - createUser Service error\n: Column 'profileImgUrl' cannot be null","timestamp":"2022-10-01 00:40:28"}
{"level":"info","message":"undefined - API Server Start At Port 3000","timestamp":"2022-10-01 00:40:37"}
{"level":"info","message":"undefined - API Server Start At Port 3000","timestamp":"2022-10-01 00:40:44"}
{"level":"info","message":"undefined - API Server Start At Port 3000","timestamp":"2022-10-01 00:40:52"}
{"level":"info","message":"undefined - API Server Start At Port 3000","timestamp":"2022-10-01 00:41:08"}
{"level":"error","message":"App - createUser Service error\n: Column 'profileImgUrl' cannot be null","timestamp":"2022-10-01 00:41:19"}
{"level":"info","message":"undefined - API Server Start At Port 3000","timestamp":"2022-10-01 00:41:21"}
{"level":"info","message":"undefined - API Server Start At Port 3000","timestamp":"2022-10-01 00:41:31"}
{"level":"info","message":"undefined - API Server Start At Port 3000","timestamp":"2022-10-01 00:41:39"}
{"level":"info","message":"undefined - API Server Start At Port 3000","timestamp":"2022-10-01 00:41:45"}
{"level":"info","message":"undefined - API Server Start At Port 3000","timestamp":"2022-10-01 00:41:49"}
{"level":"info","message":"undefined - API Server Start At Port 3000","timestamp":"2022-10-01 00:42:11"}
{"level":"info","message":"undefined - API Server Start At Port 3000","timestamp":"2022-10-01 00:42:17"}
{"level":"info","message":"undefined - API Server Start At Port 3000","timestamp":"2022-10-01 00:42:35"}
{"level":"info","message":"undefined - API Server Start At Port 3000","timestamp":"2022-10-01 00:42:39"}
{"level":"info","message":"undefined - API Server Start At Port 3000","timestamp":"2022-10-01 00:42:42"}
{"level":"info","message":"undefined - API Server Start At Port 3000","timestamp":"2022-10-01 00:42:44"}
{"level":"error","message":"App - createUser Service error\n: Column 'profileImgUrl' cannot be null","timestamp":"2022-10-01 00:42:47"}
{"level":"info","message":"undefined - API Server Start At Port 3000","timestamp":"2022-10-01 00:42:57"}
{"level":"info","message":"undefined - API Server Start At Port 3000","timestamp":"2022-10-01 00:43:06"}
{"level":"info","message":"undefined - API Server Start At Port 3000","timestamp":"2022-10-01 00:43:11"}
{"level":"info","message":"undefined - API Server Start At Port 3000","timestamp":"2022-10-01 00:43:41"}
{"level":"info","message":"undefined - API Server Start At Port 3000","timestamp":"2022-10-01 00:43:48"}
{"level":"info","message":"undefined - API Server Start At Port 3000","timestamp":"2022-10-01 00:43:50"}
{"level":"info","message":"undefined - API Server Start At Port 3000","timestamp":"2022-10-01 00:43:54"}
{"level":"info","message":"undefined - API Server Start At Port 3000","timestamp":"2022-10-01 00:44:21"}
{"level":"error","message":"App - createUser Service error\n: Column 'profileImgUrl' cannot be null","timestamp":"2022-10-01 00:45:23"}
{"level":"info","message":"undefined - API Server Start At Port 3000","timestamp":"2022-10-01 00:47:46"}
{"level":"info","message":"undefined - API Server Start At Port 3000","timestamp":"2022-10-01 00:47:52"}
{"level":"info","message":"undefined - API Server Start At Port 3000","timestamp":"2022-10-01 00:48:09"}
{"level":"info","message":"undefined - API Server Start At Port 3000","timestamp":"2022-10-01 00:48:19"}
{"level":"info","message":"undefined - API Server Start At Port 3000","timestamp":"2022-10-01 00:48:28"}
{"level":"info","message":"undefined - API Server Start At Port 3000","timestamp":"2022-10-01 00:48:40"}
{"level":"info","message":"undefined - API Server Start At Port 3000","timestamp":"2022-10-01 00:49:26"}
{"level":"info","message":"undefined - API Server Start At Port 3000","timestamp":"2022-10-01 00:49:46"}
{"level":"info","message":"undefined - API Server Start At Port 3000","timestamp":"2022-10-01 00:49:55"}
{"level":"info","message":"undefined - API Server Start At Port 3000","timestamp":"2022-10-01 00:50:08"}
{"level":"info","message":"undefined - API Server Start At Port 3000","timestamp":"2022-10-01 00:50:13"}
{"level":"info","message":"undefined - API Server Start At Port 3000","timestamp":"2022-10-01 00:50:23"}
{"level":"info","message":"undefined - API Server Start At Port 3000","timestamp":"2022-10-01 00:50:36"}
{"level":"error","message":"App - createUser Service error\n: Column 'profileImgUrl' cannot be null","timestamp":"2022-10-01 00:51:21"}
{"level":"info","message":"undefined - API Server Start At Port 3000","timestamp":"2022-10-01 00:51:53"}
{"level":"info","message":"undefined - API Server Start At Port 3000","timestamp":"2022-10-01 00:53:00"}
{"level":"info","message":"undefined - API Server Start At Port 3000","timestamp":"2022-10-01 00:53:06"}
{"level":"info","message":"undefined - API Server Start At Port 3000","timestamp":"2022-10-01 00:53:36"}
{"level":"info","message":"undefined - API Server Start At Port 3000","timestamp":"2022-10-01 00:53:53"}
{"level":"info","message":"undefined - API Server Start At Port 3000","timestamp":"2022-10-01 00:54:12"}
{"level":"info","message":"undefined - API Server Start At Port 3000","timestamp":"2022-10-01 00:54:25"}
{"level":"info","message":"undefined - API Server Start At Port 3000","timestamp":"2022-10-01 00:55:22"}
{"level":"info","message":"undefined - API Server Start At Port 3000","timestamp":"2022-10-01 00:58:01"}
{"level":"info","message":"undefined - API Server Start At Port 3000","timestamp":"2022-10-01 00:59:46"}
{"level":"info","message":"undefined - API Server Start At Port 3000","timestamp":"2022-10-01 01:01:33"}
{"level":"info","message":"undefined - API Server Start At Port 3000","timestamp":"2022-10-01 01:01:41"}
{"level":"info","message":"undefined - API Server Start At Port 3000","timestamp":"2022-10-01 01:02:04"}
{"level":"info","message":"undefined - API Server Start At Port 3000","timestamp":"2022-10-01 01:02:10"}
{"level":"info","message":"undefined - API Server Start At Port 3000","timestamp":"2022-10-01 01:02:16"}
{"level":"info","message":"undefined - API Server Start At Port 3000","timestamp":"2022-10-01 01:03:03"}
{"level":"info","message":"undefined - API Server Start At Port 3000","timestamp":"2022-10-01 01:03:08"}
{"level":"info","message":"undefined - API Server Start At Port 3000","timestamp":"2022-10-01 01:08:23"}
{"level":"info","message":"undefined - API Server Start At Port 3000","timestamp":"2022-10-01 01:08:58"}
{"level":"error","message":"App - createUser Service error\n: Column 'petBreed' cannot be null","timestamp":"2022-10-01 01:31:12"}
{"level":"error","message":"App - createUser Service error\n: Column 'petBreed' cannot be null","timestamp":"2022-10-01 01:32:18"}
{"level":"info","message":"undefined - API Server Start At Port 3000","timestamp":"2022-10-01 01:34:13"}
{"level":"info","message":"undefined - API Server Start At Port 3000","timestamp":"2022-10-01 01:34:19"}
{"level":"info","message":"undefined - API Server Start At Port 3000","timestamp":"2022-10-01 01:37:56"}
{"level":"info","message":"undefined - API Server Start At Port 3000","timestamp":"2022-10-01 01:38:08"}
{"level":"info","message":"undefined - API Server Start At Port 3000","timestamp":"2022-10-01 01:38:17"}
{"level":"info","message":"undefined - API Server Start At Port 3000","timestamp":"2022-10-01 01:38:20"}
{"level":"info","message":"undefined - API Server Start At Port 3000","timestamp":"2022-10-01 01:38:39"}
{"level":"info","message":"undefined - API Server Start At Port 3000","timestamp":"2022-10-01 01:38:52"}
{"level":"info","message":"undefined - API Server Start At Port 3000","timestamp":"2022-10-01 01:39:01"}
{"level":"info","message":"undefined - API Server Start At Port 3000","timestamp":"2022-10-01 01:39:11"}
{"level":"info","message":"undefined - API Server Start At Port 3000","timestamp":"2022-10-01 01:39:20"}
{"level":"info","message":"undefined - API Server Start At Port 3000","timestamp":"2022-10-01 01:39:21"}
{"level":"info","message":"undefined - API Server Start At Port 3000","timestamp":"2022-10-01 01:39:36"}
{"level":"info","message":"undefined - API Server Start At Port 3000","timestamp":"2022-10-01 01:39:41"}
{"level":"info","message":"undefined - API Server Start At Port 3000","timestamp":"2022-10-01 01:40:05"}
{"level":"info","message":"undefined - API Server Start At Port 3000","timestamp":"2022-10-01 01:40:12"}
{"level":"info","message":"undefined - API Server Start At Port 3000","timestamp":"2022-10-01 01:40:19"}
{"level":"info","message":"undefined - API Server Start At Port 3000","timestamp":"2022-10-01 01:40:32"}
{"level":"info","message":"undefined - API Server Start At Port 3000","timestamp":"2022-10-01 01:40:39"}
{"level":"info","message":"undefined - API Server Start At Port 3000","timestamp":"2022-10-01 01:40:50"}
{"level":"info","message":"undefined - API Server Start At Port 3000","timestamp":"2022-10-01 01:40:56"}
{"level":"info","message":"undefined - API Server Start At Port 3000","timestamp":"2022-10-01 01:41:01"}
{"level":"info","message":"undefined - API Server Start At Port 3000","timestamp":"2022-10-01 01:41:30"}
{"level":"info","message":"undefined - API Server Start At Port 3000","timestamp":"2022-10-01 01:41:36"}
{"level":"info","message":"undefined - API Server Start At Port 3000","timestamp":"2022-10-01 01:41:42"}
{"level":"info","message":"undefined - API Server Start At Port 3000","timestamp":"2022-10-01 01:41:47"}
{"level":"info","message":"undefined - API Server Start At Port 3000","timestamp":"2022-10-01 01:41:49"}
{"level":"info","message":"undefined - API Server Start At Port 3000","timestamp":"2022-10-01 01:41:54"}
{"level":"info","message":"undefined - API Server Start At Port 3000","timestamp":"2022-10-01 01:41:56"}
{"level":"info","message":"undefined - API Server Start At Port 3000","timestamp":"2022-10-01 01:42:04"}
{"level":"info","message":"undefined - API Server Start At Port 3000","timestamp":"2022-10-01 01:44:17"}
{"level":"info","message":"undefined - API Server Start At Port 3000","timestamp":"2022-10-01 01:44:22"}
{"level":"info","message":"undefined - API Server Start At Port 3000","timestamp":"2022-10-01 01:45:54"}
{"level":"info","message":"undefined - API Server Start At Port 3000","timestamp":"2022-10-01 01:46:07"}
{"level":"info","message":"undefined - API Server Start At Port 3000","timestamp":"2022-10-01 01:46:31"}
{"level":"info","message":"undefined - API Server Start At Port 3000","timestamp":"2022-10-01 01:46:46"}
{"level":"info","message":"undefined - API Server Start At Port 3000","timestamp":"2022-10-01 01:46:50"}
{"level":"info","message":"undefined - API Server Start At Port 3000","timestamp":"2022-10-01 01:47:25"}
{"level":"info","message":"undefined - API Server Start At Port 3000","timestamp":"2022-10-01 01:48:11"}
{"level":"info","message":"undefined - API Server Start At Port 3000","timestamp":"2022-10-01 01:48:20"}
{"level":"info","message":"undefined - API Server Start At Port 3000","timestamp":"2022-10-01 01:49:09"}
{"level":"info","message":"undefined - API Server Start At Port 3000","timestamp":"2022-10-01 01:50:19"}
{"level":"info","message":"undefined - API Server Start At Port 3000","timestamp":"2022-10-01 01:50:35"}
{"level":"info","message":"undefined - API Server Start At Port 3000","timestamp":"2022-10-01 01:50:54"}
{"level":"info","message":"undefined - API Server Start At Port 3000","timestamp":"2022-10-01 01:51:18"}
{"level":"info","message":"undefined - API Server Start At Port 3000","timestamp":"2022-10-01 01:52:06"}
{"level":"info","message":"undefined - API Server Start At Port 3000","timestamp":"2022-10-01 02:23:41"}
{"level":"info","message":"undefined - API Server Start At Port 3000","timestamp":"2022-10-01 02:24:25"}
{"level":"info","message":"undefined - API Server Start At Port 3000","timestamp":"2022-10-01 02:24:47"}
{"level":"info","message":"undefined - API Server Start At Port 3000","timestamp":"2022-10-01 02:25:03"}
{"level":"info","message":"undefined - API Server Start At Port 3000","timestamp":"2022-10-01 02:25:16"}
{"level":"info","message":"undefined - API Server Start At Port 3000","timestamp":"2022-10-01 02:25:25"}
{"level":"info","message":"undefined - API Server Start At Port 3000","timestamp":"2022-10-01 02:25:32"}
{"level":"info","message":"undefined - API Server Start At Port 3000","timestamp":"2022-10-01 02:25:49"}
{"level":"info","message":"undefined - API Server Start At Port 3000","timestamp":"2022-10-01 02:25:56"}
{"level":"info","message":"undefined - API Server Start At Port 3000","timestamp":"2022-10-01 02:26:08"}
{"level":"info","message":"undefined - API Server Start At Port 3000","timestamp":"2022-10-01 02:26:10"}
{"level":"info","message":"undefined - API Server Start At Port 3000","timestamp":"2022-10-01 02:26:15"}
{"level":"info","message":"undefined - API Server Start At Port 3000","timestamp":"2022-10-01 02:26:26"}
{"level":"info","message":"undefined - API Server Start At Port 3000","timestamp":"2022-10-01 02:26:37"}
{"level":"info","message":"undefined - API Server Start At Port 3000","timestamp":"2022-10-01 02:26:44"}
{"level":"info","message":"undefined - API Server Start At Port 3000","timestamp":"2022-10-01 02:27:16"}
{"level":"info","message":"undefined - API Server Start At Port 3000","timestamp":"2022-10-01 02:27:32"}
{"level":"info","message":"undefined - API Server Start At Port 3000","timestamp":"2022-10-01 02:27:49"}
{"level":"info","message":"undefined - API Server Start At Port 3000","timestamp":"2022-10-01 02:28:03"}
{"level":"info","message":"undefined - API Server Start At Port 3000","timestamp":"2022-10-01 02:28:08"}
{"level":"info","message":"undefined - API Server Start At Port 3000","timestamp":"2022-10-01 02:28:18"}
{"level":"info","message":"undefined - API Server Start At Port 3000","timestamp":"2022-10-01 02:28:22"}
{"level":"info","message":"undefined - API Server Start At Port 3000","timestamp":"2022-10-01 02:28:24"}
{"level":"info","message":"undefined - API Server Start At Port 3000","timestamp":"2022-10-01 02:29:32"}
{"level":"info","message":"undefined - API Server Start At Port 3000","timestamp":"2022-10-01 02:29:40"}
{"level":"info","message":"undefined - API Server Start At Port 3000","timestamp":"2022-10-01 02:29:47"}
{"level":"info","message":"undefined - API Server Start At Port 3000","timestamp":"2022-10-01 02:31:03"}
{"level":"info","message":"undefined - API Server Start At Port 3000","timestamp":"2022-10-01 02:31:09"}
{"level":"info","message":"undefined - API Server Start At Port 3000","timestamp":"2022-10-01 02:33:17"}
{"level":"info","message":"undefined - API Server Start At Port 3000","timestamp":"2022-10-01 02:33:52"}
{"level":"info","message":"undefined - API Server Start At Port 3000","timestamp":"2022-10-01 02:33:54"}
{"level":"info","message":"undefined - API Server Start At Port 3000","timestamp":"2022-10-01 02:34:06"}
{"level":"info","message":"undefined - API Server Start At Port 3000","timestamp":"2022-10-01 02:34:25"}
{"level":"info","message":"undefined - API Server Start At Port 3000","timestamp":"2022-10-01 02:36:06"}
{"level":"info","message":"undefined - API Server Start At Port 3000","timestamp":"2022-10-01 02:36:11"}
{"level":"info","message":"undefined - API Server Start At Port 3000","timestamp":"2022-10-01 02:36:51"}
{"level":"info","message":"undefined - API Server Start At Port 3000","timestamp":"2022-10-01 02:37:56"}
{"level":"info","message":"undefined - API Server Start At Port 3000","timestamp":"2022-10-01 02:38:29"}
{"level":"info","message":"undefined - API Server Start At Port 3000","timestamp":"2022-10-01 02:38:34"}
{"level":"info","message":"undefined - API Server Start At Port 3000","timestamp":"2022-10-01 02:38:44"}
{"level":"info","message":"undefined - API Server Start At Port 3000","timestamp":"2022-10-01 02:38:46"}
{"level":"info","message":"undefined - API Server Start At Port 3000","timestamp":"2022-10-01 02:38:57"}
{"level":"info","message":"undefined - API Server Start At Port 3000","timestamp":"2022-10-01 02:38:59"}
{"level":"info","message":"undefined - API Server Start At Port 3000","timestamp":"2022-10-01 02:39:19"}
{"level":"info","message":"undefined - API Server Start At Port 3000","timestamp":"2022-10-01 02:39:22"}
{"level":"info","message":"undefined - API Server Start At Port 3000","timestamp":"2022-10-01 02:41:13"}
{"level":"info","message":"undefined - API Server Start At Port 3000","timestamp":"2022-10-01 02:41:20"}
{"level":"info","message":"undefined - API Server Start At Port 3000","timestamp":"2022-10-01 02:41:25"}
{"level":"info","message":"undefined - API Server Start At Port 3000","timestamp":"2022-10-01 02:45:05"}
{"level":"info","message":"undefined - API Server Start At Port 3000","timestamp":"2022-10-01 02:46:19"}
{"level":"info","message":"undefined - API Server Start At Port 3000","timestamp":"2022-10-01 02:46:21"}
{"level":"info","message":"undefined - API Server Start At Port 3000","timestamp":"2022-10-01 02:46:35"}
{"level":"info","message":"undefined - API Server Start At Port 3000","timestamp":"2022-10-01 02:46:56"}
{"level":"info","message":"undefined - API Server Start At Port 3000","timestamp":"2022-10-01 02:54:58"}
{"level":"info","message":"undefined - API Server Start At Port 3000","timestamp":"2022-10-01 03:01:36"}
{"level":"info","message":"undefined - API Server Start At Port 3000","timestamp":"2022-10-01 03:01:45"}
{"level":"error","message":"App - reserveService Service error\n: You have an error in your SQL syntax; check the manual that corresponds to your MySQL server version for the right syntax to use near '?,?,?,?,?,?,?,?)' at line 2 \n{\"message\":\"You have an error in your SQL syntax; check the manual that corresponds to your MySQL server version for the right syntax to use near '?,?,?,?,?,?,?,?)' at line 2\",\"code\":\"ER_PARSE_ERROR\",\"errno\":1064,\"sql\":\"\\n    INSERT INTO Services(userId, petSitterId, startTime, endTime, requestComment, hasWalk, hasBath, totalPrice, status)\\n    VALUES(6,?,?,?,?,?,?,?,?)\\n  \",\"sqlState\":\"42000\",\"sqlMessage\":\"You have an error in your SQL syntax; check the manual that corresponds to your MySQL server version for the right syntax to use near '?,?,?,?,?,?,?,?)' at line 2\"}","timestamp":"2022-10-01 03:01:48"}
{"level":"info","message":"undefined - API Server Start At Port 3000","timestamp":"2022-10-01 03:04:22"}
{"level":"error","message":"App - reserveService Service error\n: You have an error in your SQL syntax; check the manual that corresponds to your MySQL server version for the right syntax to use near '?,?,?,?,?,?,?,?)' at line 2 \n{\"message\":\"You have an error in your SQL syntax; check the manual that corresponds to your MySQL server version for the right syntax to use near '?,?,?,?,?,?,?,?)' at line 2\",\"code\":\"ER_PARSE_ERROR\",\"errno\":1064,\"sql\":\"\\n    INSERT INTO Services(userId, petSitterId, startTime, endTime, requestComment, hasWalk, hasBath, totalPrice, status)\\n    VALUES(6,?,?,?,?,?,?,?,?)\\n  \",\"sqlState\":\"42000\",\"sqlMessage\":\"You have an error in your SQL syntax; check the manual that corresponds to your MySQL server version for the right syntax to use near '?,?,?,?,?,?,?,?)' at line 2\"}","timestamp":"2022-10-01 03:04:24"}
{"level":"info","message":"undefined - API Server Start At Port 3000","timestamp":"2022-10-01 03:06:23"}
{"level":"info","message":"undefined - API Server Start At Port 3000","timestamp":"2022-10-01 03:07:03"}
{"level":"error","message":"App - reserveService Service error\n: You have an error in your SQL syntax; check the manual that corresponds to your MySQL server version for the right syntax to use near '?,?,?,?,?,?,?,?)' at line 2 \n{\"message\":\"You have an error in your SQL syntax; check the manual that corresponds to your MySQL server version for the right syntax to use near '?,?,?,?,?,?,?,?)' at line 2\",\"code\":\"ER_PARSE_ERROR\",\"errno\":1064,\"sql\":\"\\n    INSERT INTO Services(userId, petSitterId, startTime, endTime, requestComment, hasWalk, hasBath, totalPrice, status)\\n    VALUES(6,?,?,?,?,?,?,?,?)\\n  \",\"sqlState\":\"42000\",\"sqlMessage\":\"You have an error in your SQL syntax; check the manual that corresponds to your MySQL server version for the right syntax to use near '?,?,?,?,?,?,?,?)' at line 2\"}","timestamp":"2022-10-01 03:07:32"}
{"level":"info","message":"undefined - API Server Start At Port 3000","timestamp":"2022-10-01 03:07:45"}
{"level":"info","message":"undefined - API Server Start At Port 3000","timestamp":"2022-10-01 03:07:49"}
{"level":"error","message":"App - reserveService Service error\n: Data too long for column 'status' at row 1 \n{\"message\":\"Data too long for column 'status' at row 1\",\"code\":\"ER_DATA_TOO_LONG\",\"errno\":1406,\"sql\":\"\\n    INSERT INTO Services(userId, petSitterId, startTime, endTime, requestComment, hasWalk, hasBath, totalPrice, status)\\n    VALUES(6,'1','2022-10-01 09:00','2022-10-01 11:00','저희집에 오셔가지고 설거지 좀 해주시고 ^^ 쓰레기 도 버려주시구!~~~',0,0,100,'RESERVATION')\\n  \",\"sqlState\":\"22001\",\"sqlMessage\":\"Data too long for column 'status' at row 1\"}","timestamp":"2022-10-01 03:07:53"}
{"level":"info","message":"undefined - API Server Start At Port 3000","timestamp":"2022-10-01 03:09:44"}
{"level":"info","message":"undefined - API Server Start At Port 3000","timestamp":"2022-10-01 03:10:04"}
{"level":"info","message":"undefined - API Server Start At Port 3000","timestamp":"2022-10-01 03:12:27"}
{"level":"info","message":"undefined - API Server Start At Port 3000","timestamp":"2022-10-01 03:12:31"}
{"level":"info","message":"undefined - API Server Start At Port 3000","timestamp":"2022-10-01 03:12:59"}
{"level":"info","message":"undefined - API Server Start At Port 3000","timestamp":"2022-10-01 03:13:13"}
{"level":"info","message":"undefined - API Server Start At Port 3000","timestamp":"2022-10-01 03:13:21"}
{"level":"info","message":"undefined - API Server Start At Port 3000","timestamp":"2022-10-01 03:13:26"}
{"level":"info","message":"undefined - API Server Start At Port 3000","timestamp":"2022-10-01 03:13:31"}
{"level":"info","message":"undefined - API Server Start At Port 3000","timestamp":"2022-10-01 03:13:38"}
{"level":"info","message":"undefined - API Server Start At Port 3000","timestamp":"2022-10-01 03:13:50"}
{"level":"info","message":"undefined - API Server Start At Port 3000","timestamp":"2022-10-01 03:14:07"}
{"level":"info","message":"undefined - API Server Start At Port 3000","timestamp":"2022-10-01 03:14:15"}
{"level":"info","message":"undefined - API Server Start At Port 3000","timestamp":"2022-10-01 03:14:21"}
{"level":"info","message":"undefined - API Server Start At Port 3000","timestamp":"2022-10-01 03:14:23"}
{"level":"info","message":"undefined - API Server Start At Port 3000","timestamp":"2022-10-01 03:14:40"}
{"level":"info","message":"undefined - API Server Start At Port 3000","timestamp":"2022-10-01 03:14:43"}
{"level":"info","message":"undefined - API Server Start At Port 3000","timestamp":"2022-10-01 03:14:48"}
{"level":"info","message":"undefined - API Server Start At Port 3000","timestamp":"2022-10-01 03:14:50"}
{"level":"error","message":"App - reserveService Service error\n: You have an error in your SQL syntax; check the manual that corresponds to your MySQL server version for the right syntax to use near '?)' at line 2 \n{\"message\":\"You have an error in your SQL syntax; check the manual that corresponds to your MySQL server version for the right syntax to use near '?)' at line 2\",\"code\":\"ER_PARSE_ERROR\",\"errno\":1064,\"sql\":\"\\n    INSERT INTO Services(userId, petSitterId, startTime, endTime, requestComment, hasWalk, hasBath, totalPrice, status)\\n    VALUES(2,?)\\n  \",\"sqlState\":\"42000\",\"sqlMessage\":\"You have an error in your SQL syntax; check the manual that corresponds to your MySQL server version for the right syntax to use near '?)' at line 2\"}","timestamp":"2022-10-01 03:15:08"}
{"level":"info","message":"undefined - API Server Start At Port 3000","timestamp":"2022-10-01 03:15:37"}
{"level":"error","message":"App - reserveService Service error\n: You have an error in your SQL syntax; check the manual that corresponds to your MySQL server version for the right syntax to use near '?)' at line 2 \n{\"message\":\"You have an error in your SQL syntax; check the manual that corresponds to your MySQL server version for the right syntax to use near '?)' at line 2\",\"code\":\"ER_PARSE_ERROR\",\"errno\":1064,\"sql\":\"\\n    INSERT INTO Services(userId, petSitterId, startTime, endTime, requestComment, hasWalk, hasBath, totalPrice, status)\\n    VALUES(3,?)\\n  \",\"sqlState\":\"42000\",\"sqlMessage\":\"You have an error in your SQL syntax; check the manual that corresponds to your MySQL server version for the right syntax to use near '?)' at line 2\"}","timestamp":"2022-10-01 03:15:39"}
{"level":"info","message":"undefined - API Server Start At Port 3000","timestamp":"2022-10-01 03:15:52"}
{"level":"info","message":"undefined - API Server Start At Port 3000","timestamp":"2022-10-01 03:16:05"}
{"level":"info","message":"undefined - API Server Start At Port 3000","timestamp":"2022-10-01 03:16:13"}
{"level":"info","message":"undefined - API Server Start At Port 3000","timestamp":"2022-10-01 03:16:17"}
{"level":"error","message":"App - reserveService Service error\n: You have an error in your SQL syntax; check the manual that corresponds to your MySQL server version for the right syntax to use near '?)' at line 2 \n{\"message\":\"You have an error in your SQL syntax; check the manual that corresponds to your MySQL server version for the right syntax to use near '?)' at line 2\",\"code\":\"ER_PARSE_ERROR\",\"errno\":1064,\"sql\":\"\\n    INSERT INTO Services(userId, petSitterId, startTime, endTime, requestComment, hasWalk, hasBath, totalPrice, status)\\n    VALUES(4,?)\\n  \",\"sqlState\":\"42000\",\"sqlMessage\":\"You have an error in your SQL syntax; check the manual that corresponds to your MySQL server version for the right syntax to use near '?)' at line 2\"}","timestamp":"2022-10-01 03:16:19"}
{"level":"info","message":"undefined - API Server Start At Port 3000","timestamp":"2022-10-01 03:16:30"}
{"level":"error","message":"App - reserveService Service error\n: You have an error in your SQL syntax; check the manual that corresponds to your MySQL server version for the right syntax to use near '?)' at line 2 \n{\"message\":\"You have an error in your SQL syntax; check the manual that corresponds to your MySQL server version for the right syntax to use near '?)' at line 2\",\"code\":\"ER_PARSE_ERROR\",\"errno\":1064,\"sql\":\"\\n    INSERT INTO Services(userId, petSitterId, startTime, endTime, requestComment, hasWalk, hasBath, totalPrice, status)\\n    VALUES(5,?)\\n  \",\"sqlState\":\"42000\",\"sqlMessage\":\"You have an error in your SQL syntax; check the manual that corresponds to your MySQL server version for the right syntax to use near '?)' at line 2\"}","timestamp":"2022-10-01 03:16:54"}
{"level":"info","message":"undefined - API Server Start At Port 3000","timestamp":"2022-10-01 03:17:14"}
{"level":"info","message":"undefined - API Server Start At Port 3000","timestamp":"2022-10-01 03:17:30"}
{"level":"info","message":"undefined - API Server Start At Port 3000","timestamp":"2022-10-01 03:17:38"}
{"level":"info","message":"undefined - API Server Start At Port 3000","timestamp":"2022-10-01 03:17:40"}
{"level":"info","message":"undefined - API Server Start At Port 3000","timestamp":"2022-10-01 03:17:50"}
{"level":"error","message":"App - reserveService Service error\n: You have an error in your SQL syntax; check the manual that corresponds to your MySQL server version for the right syntax to use near '?)' at line 2 \n{\"message\":\"You have an error in your SQL syntax; check the manual that corresponds to your MySQL server version for the right syntax to use near '?)' at line 2\",\"code\":\"ER_PARSE_ERROR\",\"errno\":1064,\"sql\":\"\\n    INSERT INTO ServicePetMappings(serviceId, petId)\\n    VALUES(6,?);\\n  \",\"sqlState\":\"42000\",\"sqlMessage\":\"You have an error in your SQL syntax; check the manual that corresponds to your MySQL server version for the right syntax to use near '?)' at line 2\"}","timestamp":"2022-10-01 03:18:00"}
{"level":"info","message":"undefined - API Server Start At Port 3000","timestamp":"2022-10-01 03:18:19"}
{"level":"info","message":"undefined - API Server Start At Port 3000","timestamp":"2022-10-01 03:18:27"}
{"level":"info","message":"undefined - API Server Start At Port 3000","timestamp":"2022-10-01 03:18:29"}
{"level":"info","message":"undefined - API Server Start At Port 3000","timestamp":"2022-10-01 03:19:25"}
{"level":"info","message":"undefined - API Server Start At Port 3000","timestamp":"2022-10-01 03:19:47"}
{"level":"error","message":"App - reserveService Service error\n: You have an error in your SQL syntax; check the manual that corresponds to your MySQL server version for the right syntax to use near '?)' at line 2 \n{\"message\":\"You have an error in your SQL syntax; check the manual that corresponds to your MySQL server version for the right syntax to use near '?)' at line 2\",\"code\":\"ER_PARSE_ERROR\",\"errno\":1064,\"sql\":\"\\n    INSERT INTO ServicePetMappings(serviceId, petId)\\n    VALUES(7,?)\\n  \",\"sqlState\":\"42000\",\"sqlMessage\":\"You have an error in your SQL syntax; check the manual that corresponds to your MySQL server version for the right syntax to use near '?)' at line 2\"}","timestamp":"2022-10-01 03:19:50"}
{"level":"info","message":"undefined - API Server Start At Port 3000","timestamp":"2022-10-01 03:20:12"}
{"level":"error","message":"App - reserveService Service error\n: You have an error in your SQL syntax; check the manual that corresponds to your MySQL server version for the right syntax to use near '?)' at line 2 \n{\"message\":\"You have an error in your SQL syntax; check the manual that corresponds to your MySQL server version for the right syntax to use near '?)' at line 2\",\"code\":\"ER_PARSE_ERROR\",\"errno\":1064,\"sql\":\"\\n    INSERT INTO ServicePetMappings(serviceId, petId)\\n    VALUES(8,?)\\n  \",\"sqlState\":\"42000\",\"sqlMessage\":\"You have an error in your SQL syntax; check the manual that corresponds to your MySQL server version for the right syntax to use near '?)' at line 2\"}","timestamp":"2022-10-01 03:20:13"}
{"level":"info","message":"undefined - API Server Start At Port 3000","timestamp":"2022-10-01 03:20:32"}
{"level":"info","message":"undefined - API Server Start At Port 3000","timestamp":"2022-10-01 03:20:38"}
{"level":"error","message":"App - reserveService Service error\n: Field 'createdAt' doesn't have a default value \n{\"message\":\"Field 'createdAt' doesn't have a default value\",\"code\":\"ER_NO_DEFAULT_FOR_FIELD\",\"errno\":1364,\"sql\":\"\\n    INSERT INTO ServicePetMappings(serviceId, petId)\\n    VALUES(9,9)\\n  \",\"sqlState\":\"HY000\",\"sqlMessage\":\"Field 'createdAt' doesn't have a default value\"}","timestamp":"2022-10-01 03:20:40"}
{"level":"error","message":"App - reserveService Service error\n: Field 'status' doesn't have a default value \n{\"message\":\"Field 'status' doesn't have a default value\",\"code\":\"ER_NO_DEFAULT_FOR_FIELD\",\"errno\":1364,\"sql\":\"\\n    INSERT INTO ServicePetMappings(serviceId, petId)\\n    VALUES(10,9)\\n  \",\"sqlState\":\"HY000\",\"sqlMessage\":\"Field 'status' doesn't have a default value\"}","timestamp":"2022-10-01 03:31:14"}
{"level":"info","message":"undefined - API Server Start At Port 3000","timestamp":"2022-10-01 03:32:43"}
{"level":"info","message":"undefined - API Server Start At Port 3000","timestamp":"2022-10-01 03:32:47"}
{"level":"info","message":"undefined - API Server Start At Port 3000","timestamp":"2022-10-01 03:32:48"}
{"level":"info","message":"undefined - API Server Start At Port 3000","timestamp":"2022-10-01 03:32:55"}
{"level":"info","message":"undefined - API Server Start At Port 3000","timestamp":"2022-10-01 03:32:58"}
{"level":"info","message":"undefined - API Server Start At Port 3000","timestamp":"2022-10-01 03:33:01"}
{"level":"info","message":"undefined - API Server Start At Port 3000","timestamp":"2022-10-01 03:33:17"}
{"level":"info","message":"undefined - API Server Start At Port 3000","timestamp":"2022-10-01 03:33:55"}
{"level":"info","message":"undefined - API Server Start At Port 3000","timestamp":"2022-10-01 03:34:06"}
{"level":"info","message":"undefined - API Server Start At Port 3000","timestamp":"2022-10-01 03:34:11"}
{"level":"info","message":"undefined - API Server Start At Port 3000","timestamp":"2022-10-01 03:34:19"}
{"level":"info","message":"undefined - API Server Start At Port 3000","timestamp":"2022-10-01 03:34:48"}
{"level":"info","message":"undefined - API Server Start At Port 3000","timestamp":"2022-10-01 03:35:11"}
{"level":"info","message":"undefined - API Server Start At Port 3000","timestamp":"2022-10-01 03:35:18"}
{"level":"info","message":"undefined - API Server Start At Port 3000","timestamp":"2022-10-01 03:35:21"}
{"level":"info","message":"undefined - API Server Start At Port 3000","timestamp":"2022-10-01 03:35:23"}
{"level":"info","message":"undefined - API Server Start At Port 3000","timestamp":"2022-10-01 03:35:26"}
{"level":"info","message":"undefined - API Server Start At Port 3000","timestamp":"2022-10-01 03:35:52"}
{"level":"info","message":"undefined - API Server Start At Port 3000","timestamp":"2022-10-01 03:35:56"}
{"level":"info","message":"undefined - API Server Start At Port 3000","timestamp":"2022-10-01 03:35:59"}
{"level":"info","message":"undefined - API Server Start At Port 3000","timestamp":"2022-10-01 03:36:02"}
{"level":"info","message":"undefined - API Server Start At Port 3000","timestamp":"2022-10-01 03:36:25"}
{"level":"info","message":"undefined - API Server Start At Port 3000","timestamp":"2022-10-01 03:36:31"}
{"level":"info","message":"undefined - API Server Start At Port 3000","timestamp":"2022-10-01 03:36:38"}
{"level":"info","message":"undefined - API Server Start At Port 3000","timestamp":"2022-10-01 03:36:52"}
{"level":"info","message":"undefined - API Server Start At Port 3000","timestamp":"2022-10-01 03:36:57"}
{"level":"info","message":"undefined - API Server Start At Port 3000","timestamp":"2022-10-01 03:37:01"}
{"level":"info","message":"undefined - API Server Start At Port 3000","timestamp":"2022-10-01 03:37:03"}
{"level":"info","message":"undefined - API Server Start At Port 3000","timestamp":"2022-10-01 03:37:11"}
{"level":"info","message":"undefined - API Server Start At Port 3000","timestamp":"2022-10-01 03:37:14"}
{"level":"info","message":"undefined - API Server Start At Port 3000","timestamp":"2022-10-01 03:37:21"}
{"level":"info","message":"undefined - API Server Start At Port 3000","timestamp":"2022-10-01 03:37:29"}
{"level":"error","message":"App - reserveService Service error\n: Incorrect integer value: '{petSitterId}' for column 'petSitterId' at row 1 \n{\"message\":\"Incorrect integer value: '{petSitterId}' for column 'petSitterId' at row 1\",\"code\":\"ER_TRUNCATED_WRONG_VALUE_FOR_FIELD\",\"errno\":1366,\"sql\":\"\\n    INSERT INTO Services(userId, petSitterId, startTime, endTime, requestComment, hasWalk, hasBath, totalPrice, status)\\n    VALUES(6,'{petSitterId}','2022-10-01 09:00','2022-10-01 11:00','저희집에 오셔가지고 설거지 좀 해주시고 ^^ 쓰레기 도 버려주시구!~~~',0,0,100,'RESERVATION')\\n  \",\"sqlState\":\"HY000\",\"sqlMessage\":\"Incorrect integer value: '{petSitterId}' for column 'petSitterId' at row 1\"}","timestamp":"2022-10-01 03:38:10"}
{"level":"error","message":"App - reserveService Service error\n: Incorrect integer value: '{petSitterId}' for column 'petSitterId' at row 1 \n{\"message\":\"Incorrect integer value: '{petSitterId}' for column 'petSitterId' at row 1\",\"code\":\"ER_TRUNCATED_WRONG_VALUE_FOR_FIELD\",\"errno\":1366,\"sql\":\"\\n    INSERT INTO Services(userId, petSitterId, startTime, endTime, requestComment, hasWalk, hasBath, totalPrice, status)\\n    VALUES(6,'{petSitterId}','2022-10-01 09:00','2022-10-01 11:00','저희집에 오셔가지고 설거지 좀 해주시고 ^^ 쓰레기 도 버려주시구!~~~',0,0,100,'RESERVATION')\\n  \",\"sqlState\":\"HY000\",\"sqlMessage\":\"Incorrect integer value: '{petSitterId}' for column 'petSitterId' at row 1\"}","timestamp":"2022-10-01 03:38:44"}
{"level":"info","message":"undefined - API Server Start At Port 3000","timestamp":"2022-10-01 03:39:26"}
{"level":"info","message":"undefined - API Server Start At Port 3000","timestamp":"2022-10-01 14:45:46"}
{"level":"info","message":"undefined - API Server Start At Port 3000","timestamp":"2022-10-01 18:35:44"}
{"level":"info","message":"undefined - API Server Start At Port 3000","timestamp":"2022-10-01 18:35:53"}
{"level":"info","message":"undefined - API Server Start At Port 3000","timestamp":"2022-10-01 18:35:55"}
{"level":"info","message":"undefined - API Server Start At Port 3000","timestamp":"2022-10-01 18:45:34"}
{"level":"info","message":"undefined - API Server Start At Port 3000","timestamp":"2022-10-01 18:46:06"}
{"level":"info","message":"undefined - API Server Start At Port 3000","timestamp":"2022-10-01 18:49:16"}
{"level":"info","message":"undefined - API Server Start At Port 3000","timestamp":"2022-10-01 18:49:25"}
{"level":"info","message":"undefined - API Server Start At Port 3000","timestamp":"2022-10-01 18:49:32"}
{"level":"info","message":"undefined - API Server Start At Port 3000","timestamp":"2022-10-01 18:49:36"}
{"level":"info","message":"undefined - API Server Start At Port 3000","timestamp":"2022-10-01 18:49:46"}
{"level":"info","message":"undefined - API Server Start At Port 3000","timestamp":"2022-10-01 18:49:50"}
{"level":"info","message":"undefined - API Server Start At Port 3000","timestamp":"2022-10-01 18:50:55"}
{"level":"info","message":"undefined - API Server Start At Port 3000","timestamp":"2022-10-01 18:51:01"}
{"level":"info","message":"undefined - API Server Start At Port 3000","timestamp":"2022-10-01 18:51:04"}
{"level":"info","message":"undefined - API Server Start At Port 3000","timestamp":"2022-10-01 18:51:16"}
{"level":"info","message":"undefined - API Server Start At Port 3000","timestamp":"2022-10-01 18:51:23"}
{"level":"info","message":"undefined - API Server Start At Port 3000","timestamp":"2022-10-01 18:51:38"}
{"level":"info","message":"undefined - API Server Start At Port 3000","timestamp":"2022-10-01 18:51:40"}
{"level":"info","message":"undefined - API Server Start At Port 3000","timestamp":"2022-10-01 18:51:45"}
{"level":"info","message":"undefined - API Server Start At Port 3000","timestamp":"2022-10-01 18:51:52"}
{"level":"info","message":"undefined - API Server Start At Port 3000","timestamp":"2022-10-01 18:51:57"}
{"level":"info","message":"undefined - API Server Start At Port 3000","timestamp":"2022-10-01 18:52:06"}
{"level":"info","message":"undefined - API Server Start At Port 3000","timestamp":"2022-10-01 18:52:20"}
{"level":"info","message":"undefined - API Server Start At Port 3000","timestamp":"2022-10-01 18:52:24"}
{"level":"info","message":"undefined - API Server Start At Port 3000","timestamp":"2022-10-01 18:52:28"}
{"level":"info","message":"undefined - API Server Start At Port 3000","timestamp":"2022-10-01 18:53:34"}
{"level":"info","message":"undefined - API Server Start At Port 3000","timestamp":"2022-10-01 18:53:37"}
{"level":"info","message":"undefined - API Server Start At Port 3000","timestamp":"2022-10-01 18:54:03"}
{"level":"info","message":"undefined - API Server Start At Port 3000","timestamp":"2022-10-01 18:54:33"}
{"level":"info","message":"undefined - API Server Start At Port 3000","timestamp":"2022-10-01 19:27:55"}
{"level":"info","message":"undefined - API Server Start At Port 3000","timestamp":"2022-10-01 19:28:01"}
{"level":"info","message":"undefined - API Server Start At Port 3000","timestamp":"2022-10-01 19:28:10"}
{"level":"info","message":"undefined - API Server Start At Port 3000","timestamp":"2022-10-01 19:28:28"}
{"level":"info","message":"undefined - API Server Start At Port 3000","timestamp":"2022-10-01 19:28:42"}
{"level":"info","message":"undefined - API Server Start At Port 3000","timestamp":"2022-10-01 19:28:44"}
{"level":"info","message":"undefined - API Server Start At Port 3000","timestamp":"2022-10-01 19:28:48"}
{"level":"info","message":"undefined - API Server Start At Port 3000","timestamp":"2022-10-01 19:29:02"}
{"level":"info","message":"undefined - API Server Start At Port 3000","timestamp":"2022-10-01 19:29:08"}
{"level":"info","message":"undefined - API Server Start At Port 3000","timestamp":"2022-10-01 19:29:22"}
{"level":"info","message":"undefined - API Server Start At Port 3000","timestamp":"2022-10-01 19:29:30"}
{"level":"info","message":"undefined - API Server Start At Port 3000","timestamp":"2022-10-01 19:29:45"}
{"level":"info","message":"undefined - API Server Start At Port 3000","timestamp":"2022-10-01 19:29:51"}
{"level":"info","message":"undefined - API Server Start At Port 3000","timestamp":"2022-10-01 19:29:56"}
{"level":"info","message":"undefined - API Server Start At Port 3000","timestamp":"2022-10-01 19:29:58"}
{"level":"info","message":"undefined - API Server Start At Port 3000","timestamp":"2022-10-01 19:30:07"}
{"level":"info","message":"undefined - API Server Start At Port 3000","timestamp":"2022-10-01 19:30:11"}
{"level":"info","message":"undefined - API Server Start At Port 3000","timestamp":"2022-10-01 19:30:34"}
{"level":"info","message":"undefined - API Server Start At Port 3000","timestamp":"2022-10-01 19:31:20"}
{"level":"info","message":"undefined - API Server Start At Port 3000","timestamp":"2022-10-01 19:31:34"}
{"level":"info","message":"undefined - API Server Start At Port 3000","timestamp":"2022-10-01 19:41:56"}
{"level":"info","message":"undefined - API Server Start At Port 3000","timestamp":"2022-10-01 19:42:19"}
{"level":"info","message":"undefined - API Server Start At Port 3000","timestamp":"2022-10-01 19:42:25"}
{"level":"info","message":"undefined - API Server Start At Port 3000","timestamp":"2022-10-01 19:42:27"}
{"level":"info","message":"undefined - API Server Start At Port 3000","timestamp":"2022-10-01 19:42:31"}
{"level":"info","message":"undefined - API Server Start At Port 3000","timestamp":"2022-10-01 19:43:28"}
{"level":"info","message":"undefined - API Server Start At Port 3000","timestamp":"2022-10-01 19:43:36"}
{"level":"info","message":"undefined - API Server Start At Port 3000","timestamp":"2022-10-01 19:43:49"}
{"level":"info","message":"undefined - API Server Start At Port 3000","timestamp":"2022-10-01 19:43:54"}
{"level":"info","message":"undefined - API Server Start At Port 3000","timestamp":"2022-10-01 19:44:08"}
{"level":"info","message":"undefined - API Server Start At Port 3000","timestamp":"2022-10-01 19:44:22"}
{"level":"error","message":"App - getPetSitterDetail Service error\n: You have an error in your SQL syntax; check the manual that corresponds to your MySQL server version for the right syntax to use near 'FROM PetSitters\n    WHERE petSitterId='1'' at line 5 \n{\"message\":\"You have an error in your SQL syntax; check the manual that corresponds to your MySQL server version for the right syntax to use near 'FROM PetSitters\\n    WHERE petSitterId='1'' at line 5\",\"code\":\"ER_PARSE_ERROR\",\"errno\":1064,\"sql\":\"\\n    SELECT \\n      profileImgUrl,\\n      petSitterName,\\n      Round((serviceCount/goodCount),1) as satisfaction,\\n    FROM PetSitters\\n    WHERE petSitterId='1'\\n  \",\"sqlState\":\"42000\",\"sqlMessage\":\"You have an error in your SQL syntax; check the manual that corresponds to your MySQL server version for the right syntax to use near 'FROM PetSitters\\n    WHERE petSitterId='1'' at line 5\"}","timestamp":"2022-10-01 19:44:52"}
{"level":"info","message":"undefined - API Server Start At Port 3000","timestamp":"2022-10-01 19:45:51"}
{"level":"error","message":"App - getPetSitterDetail Service error\n: mappingPetsResult is not defined \n{}","timestamp":"2022-10-01 19:45:52"}
{"level":"info","message":"undefined - API Server Start At Port 3000","timestamp":"2022-10-01 19:46:20"}
{"level":"error","message":"App - getPetSitterDetail Service error\n: mappingPetsResult is not defined \n{}","timestamp":"2022-10-01 19:46:26"}
{"level":"info","message":"undefined - API Server Start At Port 3000","timestamp":"2022-10-01 19:46:38"}
{"level":"error","message":"App - getPetSitterDetail Service error\n: mappingPetsResult is not defined \n{}","timestamp":"2022-10-01 19:46:40"}
{"level":"info","message":"undefined - API Server Start At Port 3000","timestamp":"2022-10-01 19:47:05"}
{"level":"info","message":"undefined - API Server Start At Port 3000","timestamp":"2022-10-01 19:47:25"}
{"level":"info","message":"undefined - API Server Start At Port 3000","timestamp":"2022-10-01 19:47:39"}
{"level":"info","message":"undefined - API Server Start At Port 3000","timestamp":"2022-10-01 19:47:44"}
{"level":"info","message":"undefined - API Server Start At Port 3000","timestamp":"2022-10-01 19:47:55"}
{"level":"info","message":"undefined - API Server Start At Port 3000","timestamp":"2022-10-01 19:48:02"}
{"level":"info","message":"undefined - API Server Start At Port 3000","timestamp":"2022-10-01 19:48:06"}
{"level":"info","message":"undefined - API Server Start At Port 3000","timestamp":"2022-10-01 19:48:09"}
{"level":"info","message":"undefined - API Server Start At Port 3000","timestamp":"2022-10-01 19:48:10"}
{"level":"info","message":"undefined - API Server Start At Port 3000","timestamp":"2022-10-01 19:48:30"}
{"level":"info","message":"undefined - API Server Start At Port 3000","timestamp":"2022-10-01 20:15:46"}
{"level":"info","message":"undefined - API Server Start At Port 3000","timestamp":"2022-10-01 20:15:51"}
{"level":"info","message":"undefined - API Server Start At Port 3000","timestamp":"2022-10-01 20:15:53"}
{"level":"info","message":"undefined - API Server Start At Port 3000","timestamp":"2022-10-01 20:16:49"}
{"level":"error","message":"App - getPetSitterDetail Service error\n: Unknown column 'certificationName' in 'field list' \n{\"message\":\"Unknown column 'certificationName' in 'field list'\",\"code\":\"ER_BAD_FIELD_ERROR\",\"errno\":1054,\"sql\":\"\\n    SELECT \\n      certificationName,\\n      acquisitionDate,\\n      certificateIssuer\\n    FROM Certificates\\n    WHERE petSitterId='1'\\n  \",\"sqlState\":\"42S22\",\"sqlMessage\":\"Unknown column 'certificationName' in 'field list'\"}","timestamp":"2022-10-01 20:17:00"}
{"level":"info","message":"undefined - API Server Start At Port 3000","timestamp":"2022-10-01 20:17:38"}
{"level":"info","message":"undefined - API Server Start At Port 3000","timestamp":"2022-10-01 20:18:40"}
{"level":"info","message":"undefined - API Server Start At Port 3000","timestamp":"2022-10-01 20:19:43"}
{"level":"info","message":"undefined - API Server Start At Port 3000","timestamp":"2022-10-01 20:20:00"}
{"level":"info","message":"undefined - API Server Start At Port 3000","timestamp":"2022-10-01 20:20:46"}
{"level":"info","message":"undefined - API Server Start At Port 3000","timestamp":"2022-10-01 20:20:51"}
{"level":"info","message":"undefined - API Server Start At Port 3000","timestamp":"2022-10-01 20:20:53"}
{"level":"info","message":"undefined - API Server Start At Port 3000","timestamp":"2022-10-01 20:20:59"}
{"level":"info","message":"undefined - API Server Start At Port 3000","timestamp":"2022-10-01 20:21:05"}
{"level":"info","message":"undefined - API Server Start At Port 3000","timestamp":"2022-10-01 20:21:11"}
{"level":"info","message":"undefined - API Server Start At Port 3000","timestamp":"2022-10-01 20:21:16"}
{"level":"info","message":"undefined - API Server Start At Port 3000","timestamp":"2022-10-01 20:21:17"}
{"level":"info","message":"undefined - API Server Start At Port 3000","timestamp":"2022-10-01 20:21:36"}
{"level":"info","message":"undefined - API Server Start At Port 3000","timestamp":"2022-10-01 20:21:44"}
{"level":"error","message":"App - getPetSitterDetail Service error\n: userDao.getPetSitterExperienceLists is not a function \n{}","timestamp":"2022-10-01 20:21:46"}
{"level":"info","message":"undefined - API Server Start At Port 3000","timestamp":"2022-10-01 20:21:58"}
{"level":"info","message":"undefined - API Server Start At Port 3000","timestamp":"2022-10-01 20:23:25"}
{"level":"info","message":"undefined - API Server Start At Port 3000","timestamp":"2022-10-01 20:23:38"}
{"level":"info","message":"undefined - API Server Start At Port 3000","timestamp":"2022-10-01 20:23:42"}
{"level":"info","message":"undefined - API Server Start At Port 3000","timestamp":"2022-10-01 20:23:53"}
{"level":"info","message":"undefined - API Server Start At Port 3000","timestamp":"2022-10-01 20:24:00"}
{"level":"info","message":"undefined - API Server Start At Port 3000","timestamp":"2022-10-01 20:24:06"}
{"level":"info","message":"undefined - API Server Start At Port 3000","timestamp":"2022-10-01 20:24:09"}
{"level":"info","message":"undefined - API Server Start At Port 3000","timestamp":"2022-10-01 20:24:21"}
{"level":"info","message":"undefined - API Server Start At Port 3000","timestamp":"2022-10-01 20:24:26"}
{"level":"info","message":"undefined - API Server Start At Port 3000","timestamp":"2022-10-01 20:24:34"}
{"level":"info","message":"undefined - API Server Start At Port 3000","timestamp":"2022-10-01 20:24:37"}
{"level":"info","message":"undefined - API Server Start At Port 3000","timestamp":"2022-10-01 20:24:50"}
{"level":"info","message":"undefined - API Server Start At Port 3000","timestamp":"2022-10-01 20:36:51"}
