{"level":"info","message":"undefined - API Server Start At Port 3000","timestamp":"2022-09-29 17:36:04"}
{"level":"info","message":"undefined - API Server Start At Port 3000","timestamp":"2022-09-29 17:42:37"}
{"level":"info","message":"undefined - API Server Start At Port 3000","timestamp":"2022-09-29 17:44:56"}
{"level":"info","message":"undefined - API Server Start At Port 3000","timestamp":"2022-09-29 17:45:04"}
{"level":"info","message":"undefined - API Server Start At Port 3000","timestamp":"2022-09-29 17:45:57"}
{"level":"info","message":"undefined - API Server Start At Port 3000","timestamp":"2022-09-29 17:46:07"}
{"level":"info","message":"undefined - API Server Start At Port 3000","timestamp":"2022-09-29 17:46:13"}
{"level":"info","message":"undefined - API Server Start At Port 3000","timestamp":"2022-09-29 17:46:49"}
{"level":"info","message":"undefined - API Server Start At Port 3000","timestamp":"2022-09-29 17:47:00"}
{"level":"info","message":"undefined - API Server Start At Port 3000","timestamp":"2022-09-29 17:48:09"}
{"level":"info","message":"undefined - API Server Start At Port 3000","timestamp":"2022-09-29 17:51:18"}
{"level":"info","message":"undefined - API Server Start At Port 3000","timestamp":"2022-09-29 17:51:53"}
{"level":"info","message":"undefined - API Server Start At Port 3000","timestamp":"2022-09-29 17:52:07"}
{"level":"info","message":"undefined - API Server Start At Port 3000","timestamp":"2022-09-29 17:52:30"}
{"level":"info","message":"undefined - API Server Start At Port 3000","timestamp":"2022-09-29 17:52:43"}
{"level":"info","message":"undefined - API Server Start At Port 3000","timestamp":"2022-09-29 17:52:52"}
{"level":"info","message":"undefined - API Server Start At Port 3000","timestamp":"2022-09-29 17:52:56"}
{"level":"info","message":"undefined - API Server Start At Port 3000","timestamp":"2022-09-29 17:53:02"}
{"level":"info","message":"undefined - API Server Start At Port 3000","timestamp":"2022-09-29 17:53:17"}
{"level":"info","message":"undefined - API Server Start At Port 3000","timestamp":"2022-09-29 17:53:27"}
{"level":"info","message":"undefined - API Server Start At Port 3000","timestamp":"2022-09-29 17:53:40"}
{"level":"info","message":"undefined - API Server Start At Port 3000","timestamp":"2022-09-29 17:54:10"}
{"level":"info","message":"undefined - API Server Start At Port 3000","timestamp":"2022-09-29 17:54:15"}
{"level":"info","message":"undefined - API Server Start At Port 3000","timestamp":"2022-09-29 17:54:43"}
{"level":"info","message":"undefined - API Server Start At Port 3000","timestamp":"2022-09-29 18:11:47"}
{"level":"info","message":"undefined - API Server Start At Port 3000","timestamp":"2022-09-29 18:11:54"}
{"level":"info","message":"undefined - API Server Start At Port 3000","timestamp":"2022-09-29 18:12:03"}
{"level":"info","message":"undefined - API Server Start At Port 3000","timestamp":"2022-09-29 18:12:10"}
{"level":"info","message":"undefined - API Server Start At Port 3000","timestamp":"2022-09-29 18:12:34"}
{"level":"info","message":"undefined - API Server Start At Port 3000","timestamp":"2022-09-29 18:12:47"}
{"level":"info","message":"undefined - API Server Start At Port 3000","timestamp":"2022-09-29 18:12:51"}
{"level":"info","message":"undefined - API Server Start At Port 3000","timestamp":"2022-09-29 18:13:23"}
{"level":"info","message":"undefined - API Server Start At Port 3000","timestamp":"2022-09-29 18:13:46"}
{"level":"info","message":"undefined - API Server Start At Port 3000","timestamp":"2022-09-29 18:13:49"}
{"level":"info","message":"undefined - API Server Start At Port 3000","timestamp":"2022-09-29 18:15:39"}
{"level":"info","message":"undefined - API Server Start At Port 3000","timestamp":"2022-09-29 18:15:47"}
{"level":"info","message":"undefined - API Server Start At Port 3000","timestamp":"2022-09-29 18:16:02"}
{"level":"info","message":"undefined - API Server Start At Port 3000","timestamp":"2022-09-29 18:16:06"}
{"level":"info","message":"undefined - API Server Start At Port 3000","timestamp":"2022-09-29 18:25:08"}
{"level":"info","message":"undefined - API Server Start At Port 3000","timestamp":"2022-09-29 18:25:09"}
{"level":"info","message":"undefined - API Server Start At Port 3000","timestamp":"2022-09-29 18:25:53"}
{"level":"info","message":"undefined - API Server Start At Port 3000","timestamp":"2022-09-29 18:26:11"}
{"level":"info","message":"undefined - API Server Start At Port 3000","timestamp":"2022-09-29 18:26:17"}
{"level":"info","message":"undefined - API Server Start At Port 3000","timestamp":"2022-09-29 18:30:29"}
{"level":"info","message":"undefined - API Server Start At Port 3000","timestamp":"2022-09-29 18:32:52"}
{"level":"info","message":"undefined - API Server Start At Port 3000","timestamp":"2022-09-29 18:32:56"}
{"level":"info","message":"undefined - API Server Start At Port 3000","timestamp":"2022-09-29 18:33:03"}
{"level":"info","message":"undefined - API Server Start At Port 3000","timestamp":"2022-09-29 18:36:08"}
{"level":"info","message":"undefined - API Server Start At Port 3000","timestamp":"2022-09-29 18:36:11"}
{"level":"info","message":"undefined - API Server Start At Port 3000","timestamp":"2022-09-29 18:36:13"}
{"level":"info","message":"undefined - API Server Start At Port 3000","timestamp":"2022-09-29 18:36:17"}
{"level":"info","message":"undefined - API Server Start At Port 3000","timestamp":"2022-09-29 18:44:24"}
{"level":"error","message":"App - createUser Service error\n: Access denied for user 'admin'@'localhost' (using password: YES)","timestamp":"2022-09-29 18:52:11"}
{"level":"info","message":"undefined - API Server Start At Port 3000","timestamp":"2022-09-29 18:53:25"}
{"level":"error","message":"App - createUser Service error\n: Table 'capstonedesign1.userinfo' doesn't exist","timestamp":"2022-09-29 18:53:27"}
{"level":"info","message":"undefined - API Server Start At Port 3000","timestamp":"2022-09-29 18:54:00"}
{"level":"info","message":"undefined - API Server Start At Port 3000","timestamp":"2022-09-29 18:54:33"}
{"level":"error","message":"App - createUser Service error\n: Table 'capstonedesign1.userinfo' doesn't exist","timestamp":"2022-09-29 18:54:38"}
{"level":"info","message":"undefined - API Server Start At Port 3000","timestamp":"2022-09-29 18:54:49"}
{"level":"info","message":"undefined - API Server Start At Port 3000","timestamp":"2022-09-29 18:55:04"}
{"level":"info","message":"undefined - API Server Start At Port 3000","timestamp":"2022-09-29 18:55:43"}
{"level":"error","message":"App - createUser Service error\n: Table 'capstonedesign1.userinfo' doesn't exist","timestamp":"2022-09-29 18:55:44"}
{"level":"info","message":"undefined - API Server Start At Port 3000","timestamp":"2022-09-29 18:56:17"}
{"level":"error","message":"App - createUser Service error\n: connection is not defined","timestamp":"2022-09-29 18:56:19"}
{"level":"info","message":"undefined - API Server Start At Port 3000","timestamp":"2022-09-29 18:56:55"}
{"level":"error","message":"App - createUser Service error\n: connection is not defined","timestamp":"2022-09-29 18:57:14"}
{"level":"info","message":"undefined - API Server Start At Port 3000","timestamp":"2022-09-29 18:57:42"}
{"level":"info","message":"undefined - API Server Start At Port 3000","timestamp":"2022-09-29 18:57:48"}
{"level":"info","message":"undefined - API Server Start At Port 3000","timestamp":"2022-09-29 18:57:55"}
{"level":"error","message":"App - createUser Service error\n: connection is not defined","timestamp":"2022-09-29 18:57:56"}
{"level":"info","message":"undefined - API Server Start At Port 3000","timestamp":"2022-09-29 18:58:08"}
{"level":"info","message":"undefined - API Server Start At Port 3000","timestamp":"2022-09-29 18:58:21"}
{"level":"info","message":"undefined - API Server Start At Port 3000","timestamp":"2022-09-29 18:58:30"}
{"level":"info","message":"undefined - API Server Start At Port 3000","timestamp":"2022-09-29 18:58:33"}
{"level":"info","message":"undefined - API Server Start At Port 3000","timestamp":"2022-09-29 18:58:57"}
{"level":"info","message":"undefined - API Server Start At Port 3000","timestamp":"2022-09-29 18:59:03"}
{"level":"info","message":"undefined - API Server Start At Port 3000","timestamp":"2022-09-29 18:59:46"}
{"level":"error","message":"App - createUser Service error\n: Table 'capstonedesign1.userinfo' doesn't exist","timestamp":"2022-09-29 19:00:02"}
{"level":"info","message":"undefined - API Server Start At Port 3000","timestamp":"2022-09-29 19:00:07"}
{"level":"error","message":"App - createUser Service error\n: Column count doesn't match value count at row 1","timestamp":"2022-09-29 19:00:09"}
{"level":"info","message":"undefined - API Server Start At Port 3000","timestamp":"2022-09-29 19:00:21"}
{"level":"info","message":"undefined - API Server Start At Port 3000","timestamp":"2022-09-29 19:00:32"}
{"level":"info","message":"undefined - API Server Start At Port 3000","timestamp":"2022-09-29 19:00:40"}
{"level":"error","message":"App - createUser Service error\n: Column count doesn't match value count at row 1","timestamp":"2022-09-29 19:00:48"}
{"level":"info","message":"undefined - API Server Start At Port 3000","timestamp":"2022-09-29 19:01:01"}
{"level":"error","message":"App - createUser Service error\n: Column count doesn't match value count at row 1","timestamp":"2022-09-29 19:01:02"}
{"level":"info","message":"undefined - API Server Start At Port 3000","timestamp":"2022-09-29 19:01:24"}
{"level":"error","message":"App - createUser Service error\n: Unknown column 'address' in 'field list'","timestamp":"2022-09-29 19:01:25"}
{"level":"info","message":"undefined - API Server Start At Port 3000","timestamp":"2022-09-29 19:04:13"}
{"level":"info","message":"undefined - API Server Start At Port 3000","timestamp":"2022-09-29 19:04:18"}
{"level":"info","message":"undefined - API Server Start At Port 3000","timestamp":"2022-09-29 19:04:20"}
{"level":"info","message":"undefined - API Server Start At Port 3000","timestamp":"2022-09-29 19:04:25"}
{"level":"info","message":"undefined - API Server Start At Port 3000","timestamp":"2022-09-29 19:04:45"}
{"level":"info","message":"undefined - API Server Start At Port 3000","timestamp":"2022-09-29 19:04:58"}
{"level":"info","message":"undefined - API Server Start At Port 3000","timestamp":"2022-09-29 19:05:07"}
{"level":"info","message":"undefined - API Server Start At Port 3000","timestamp":"2022-09-29 19:05:17"}
{"level":"info","message":"undefined - API Server Start At Port 3000","timestamp":"2022-09-29 19:05:29"}
{"level":"error","message":"App - createUser Service error\n: userName is not defined","timestamp":"2022-09-29 19:05:48"}
{"level":"info","message":"undefined - API Server Start At Port 3000","timestamp":"2022-09-29 19:06:32"}
{"level":"info","message":"undefined - API Server Start At Port 3000","timestamp":"2022-09-29 19:06:50"}
{"level":"info","message":"undefined - API Server Start At Port 3000","timestamp":"2022-09-29 19:07:09"}
{"level":"info","message":"undefined - API Server Start At Port 3000","timestamp":"2022-09-29 19:10:52"}
{"level":"info","message":"undefined - API Server Start At Port 3000","timestamp":"2022-09-29 19:11:17"}
{"level":"info","message":"undefined - API Server Start At Port 3000","timestamp":"2022-09-29 19:12:05"}
{"level":"info","message":"undefined - API Server Start At Port 3000","timestamp":"2022-09-29 19:12:16"}
{"level":"info","message":"undefined - API Server Start At Port 3000","timestamp":"2022-09-29 19:21:10"}
{"level":"info","message":"undefined - API Server Start At Port 3000","timestamp":"2022-09-29 19:21:12"}
{"level":"info","message":"undefined - API Server Start At Port 3000","timestamp":"2022-09-29 19:22:05"}
{"level":"info","message":"undefined - API Server Start At Port 3000","timestamp":"2022-09-29 19:22:32"}
{"level":"info","message":"undefined - API Server Start At Port 3000","timestamp":"2022-09-29 19:44:39"}
{"level":"info","message":"undefined - API Server Start At Port 3000","timestamp":"2022-09-29 19:44:48"}
{"level":"info","message":"undefined - API Server Start At Port 3000","timestamp":"2022-09-29 19:44:51"}
{"level":"info","message":"undefined - API Server Start At Port 3000","timestamp":"2022-09-29 19:45:18"}
{"level":"info","message":"undefined - API Server Start At Port 3000","timestamp":"2022-09-29 19:45:31"}
{"level":"info","message":"undefined - API Server Start At Port 3000","timestamp":"2022-09-29 19:45:47"}
{"level":"info","message":"undefined - API Server Start At Port 3000","timestamp":"2022-09-29 19:53:32"}
{"level":"info","message":"undefined - API Server Start At Port 3000","timestamp":"2022-09-29 19:53:49"}
{"level":"info","message":"undefined - API Server Start At Port 3000","timestamp":"2022-09-29 19:53:56"}
{"level":"info","message":"undefined - API Server Start At Port 3000","timestamp":"2022-09-29 19:54:03"}
{"level":"info","message":"undefined - API Server Start At Port 3000","timestamp":"2022-09-29 19:54:09"}
{"level":"info","message":"undefined - API Server Start At Port 3000","timestamp":"2022-09-29 19:54:20"}
{"level":"info","message":"undefined - API Server Start At Port 3000","timestamp":"2022-09-29 19:55:13"}
{"level":"info","message":"undefined - API Server Start At Port 3000","timestamp":"2022-09-29 19:55:42"}
{"level":"info","message":"undefined - API Server Start At Port 3000","timestamp":"2022-09-29 19:56:00"}
{"level":"info","message":"undefined - API Server Start At Port 3000","timestamp":"2022-09-29 19:56:09"}
{"level":"info","message":"undefined - API Server Start At Port 3000","timestamp":"2022-09-29 19:56:22"}
{"level":"info","message":"undefined - API Server Start At Port 3000","timestamp":"2022-09-29 19:56:34"}
{"level":"info","message":"undefined - API Server Start At Port 3000","timestamp":"2022-09-29 19:56:43"}
{"level":"info","message":"undefined - API Server Start At Port 3000","timestamp":"2022-09-29 19:57:03"}
{"level":"info","message":"undefined - API Server Start At Port 3000","timestamp":"2022-09-29 19:57:15"}
{"level":"info","message":"undefined - API Server Start At Port 3000","timestamp":"2022-09-29 19:57:34"}
{"level":"info","message":"undefined - API Server Start At Port 3000","timestamp":"2022-09-29 19:57:42"}
{"level":"info","message":"undefined - API Server Start At Port 3000","timestamp":"2022-09-29 19:57:59"}
{"level":"info","message":"undefined - API Server Start At Port 3000","timestamp":"2022-09-29 19:59:20"}
{"level":"info","message":"undefined - API Server Start At Port 3000","timestamp":"2022-09-29 19:59:49"}
{"level":"info","message":"undefined - API Server Start At Port 3000","timestamp":"2022-09-29 19:59:57"}
{"level":"info","message":"undefined - API Server Start At Port 3000","timestamp":"2022-09-29 20:01:13"}
{"level":"info","message":"undefined - API Server Start At Port 3000","timestamp":"2022-09-29 20:01:21"}
{"level":"info","message":"undefined - API Server Start At Port 3000","timestamp":"2022-09-29 20:01:33"}
{"level":"info","message":"undefined - API Server Start At Port 3000","timestamp":"2022-09-29 20:01:52"}
{"level":"info","message":"undefined - API Server Start At Port 3000","timestamp":"2022-09-29 20:02:21"}
{"level":"info","message":"undefined - API Server Start At Port 3000","timestamp":"2022-09-29 20:05:45"}
{"level":"info","message":"undefined - API Server Start At Port 3000","timestamp":"2022-09-29 20:06:18"}
{"level":"info","message":"undefined - API Server Start At Port 3000","timestamp":"2022-09-29 20:06:28"}
{"level":"info","message":"undefined - API Server Start At Port 3000","timestamp":"2022-09-29 20:06:46"}
{"level":"info","message":"undefined - API Server Start At Port 3000","timestamp":"2022-09-29 20:07:03"}
{"level":"info","message":"undefined - API Server Start At Port 3000","timestamp":"2022-09-29 20:07:14"}
{"level":"info","message":"undefined - API Server Start At Port 3000","timestamp":"2022-09-29 20:08:06"}
{"level":"info","message":"undefined - API Server Start At Port 3000","timestamp":"2022-09-29 20:08:12"}
{"level":"info","message":"undefined - API Server Start At Port 3000","timestamp":"2022-09-29 20:12:27"}
{"level":"info","message":"undefined - API Server Start At Port 3000","timestamp":"2022-09-29 20:13:01"}
{"level":"info","message":"undefined - API Server Start At Port 3000","timestamp":"2022-09-29 20:13:09"}
{"level":"info","message":"undefined - API Server Start At Port 3000","timestamp":"2022-09-29 20:13:14"}
{"level":"info","message":"undefined - API Server Start At Port 3000","timestamp":"2022-09-29 20:13:19"}
{"level":"info","message":"undefined - API Server Start At Port 3000","timestamp":"2022-09-29 20:13:25"}
{"level":"info","message":"undefined - API Server Start At Port 3000","timestamp":"2022-09-29 20:13:28"}
{"level":"info","message":"undefined - API Server Start At Port 3000","timestamp":"2022-09-29 20:13:33"}
{"level":"info","message":"undefined - API Server Start At Port 3000","timestamp":"2022-09-29 20:14:37"}
{"level":"info","message":"undefined - API Server Start At Port 3000","timestamp":"2022-09-29 20:16:49"}
{"level":"info","message":"undefined - API Server Start At Port 3000","timestamp":"2022-09-29 20:17:01"}
{"level":"info","message":"undefined - API Server Start At Port 3000","timestamp":"2022-09-29 20:17:05"}
{"level":"info","message":"undefined - API Server Start At Port 3000","timestamp":"2022-09-29 20:17:36"}
{"level":"info","message":"undefined - API Server Start At Port 3000","timestamp":"2022-09-29 20:18:16"}
{"level":"info","message":"undefined - API Server Start At Port 3000","timestamp":"2022-09-29 20:18:30"}
{"level":"info","message":"undefined - API Server Start At Port 3000","timestamp":"2022-09-29 20:18:40"}
{"level":"info","message":"undefined - API Server Start At Port 3000","timestamp":"2022-09-29 20:18:45"}
{"level":"info","message":"undefined - API Server Start At Port 3000","timestamp":"2022-09-29 20:22:24"}
{"level":"info","message":"undefined - API Server Start At Port 3000","timestamp":"2022-09-29 20:22:56"}
{"level":"info","message":"undefined - API Server Start At Port 3000","timestamp":"2022-09-29 20:26:53"}
{"level":"info","message":"undefined - API Server Start At Port 3000","timestamp":"2022-09-29 20:27:34"}
{"level":"info","message":"undefined - API Server Start At Port 3000","timestamp":"2022-09-29 20:28:27"}
{"level":"info","message":"undefined - API Server Start At Port 3000","timestamp":"2022-09-29 20:28:39"}
{"level":"info","message":"undefined - API Server Start At Port 3000","timestamp":"2022-09-29 20:29:39"}
{"level":"info","message":"undefined - API Server Start At Port 3000","timestamp":"2022-09-29 20:35:12"}
{"level":"info","message":"undefined - API Server Start At Port 3000","timestamp":"2022-09-29 21:01:37"}
{"level":"info","message":"undefined - API Server Start At Port 3000","timestamp":"2022-09-29 21:01:47"}
{"level":"info","message":"undefined - API Server Start At Port 3000","timestamp":"2022-09-29 21:02:41"}
{"level":"info","message":"undefined - API Server Start At Port 3000","timestamp":"2022-09-29 21:02:48"}
{"level":"info","message":"undefined - API Server Start At Port 3000","timestamp":"2022-09-29 21:03:08"}
{"level":"info","message":"undefined - API Server Start At Port 3000","timestamp":"2022-09-29 21:03:12"}
{"level":"info","message":"undefined - API Server Start At Port 3000","timestamp":"2022-09-29 21:03:22"}
{"level":"info","message":"undefined - API Server Start At Port 3000","timestamp":"2022-09-29 21:03:40"}
{"level":"info","message":"undefined - API Server Start At Port 3000","timestamp":"2022-09-29 21:03:44"}
{"level":"info","message":"undefined - API Server Start At Port 3000","timestamp":"2022-09-29 21:04:02"}
{"level":"info","message":"undefined - API Server Start At Port 3000","timestamp":"2022-09-29 21:04:10"}
{"level":"info","message":"undefined - API Server Start At Port 3000","timestamp":"2022-09-29 21:04:28"}
{"level":"info","message":"undefined - API Server Start At Port 3000","timestamp":"2022-09-29 21:04:37"}
{"level":"info","message":"undefined - API Server Start At Port 3000","timestamp":"2022-09-29 21:04:41"}
{"level":"info","message":"undefined - API Server Start At Port 3000","timestamp":"2022-09-29 21:04:54"}
{"level":"info","message":"undefined - API Server Start At Port 3000","timestamp":"2022-09-29 21:05:04"}
{"level":"info","message":"undefined - API Server Start At Port 3000","timestamp":"2022-09-29 21:05:10"}
{"level":"info","message":"undefined - API Server Start At Port 3000","timestamp":"2022-09-29 21:05:15"}
{"level":"info","message":"undefined - API Server Start At Port 3000","timestamp":"2022-09-29 21:05:25"}
{"level":"info","message":"undefined - API Server Start At Port 3000","timestamp":"2022-09-29 21:05:48"}
{"level":"info","message":"undefined - API Server Start At Port 3000","timestamp":"2022-09-29 21:06:02"}
{"level":"info","message":"undefined - API Server Start At Port 3000","timestamp":"2022-09-29 21:06:33"}
{"level":"info","message":"undefined - API Server Start At Port 3000","timestamp":"2022-09-29 21:06:38"}
{"level":"info","message":"undefined - API Server Start At Port 3000","timestamp":"2022-09-29 21:06:44"}
{"level":"info","message":"undefined - API Server Start At Port 3000","timestamp":"2022-09-29 21:07:31"}
{"level":"info","message":"undefined - API Server Start At Port 3000","timestamp":"2022-09-29 21:07:37"}
{"level":"info","message":"undefined - API Server Start At Port 3000","timestamp":"2022-09-29 21:07:40"}
{"level":"info","message":"undefined - API Server Start At Port 3000","timestamp":"2022-09-29 21:09:02"}
{"level":"info","message":"undefined - API Server Start At Port 3000","timestamp":"2022-09-29 21:09:12"}
{"level":"info","message":"undefined - API Server Start At Port 3000","timestamp":"2022-09-29 21:10:37"}
{"level":"info","message":"undefined - API Server Start At Port 3000","timestamp":"2022-09-29 21:11:36"}
{"level":"info","message":"undefined - API Server Start At Port 3000","timestamp":"2022-09-29 21:11:47"}
{"level":"info","message":"undefined - API Server Start At Port 3000","timestamp":"2022-09-29 21:13:17"}
{"level":"info","message":"undefined - API Server Start At Port 3000","timestamp":"2022-09-29 21:13:36"}
{"level":"info","message":"undefined - API Server Start At Port 3000","timestamp":"2022-09-29 22:53:29"}
{"level":"info","message":"undefined - API Server Start At Port 3000","timestamp":"2022-09-29 22:54:53"}
{"level":"info","message":"undefined - API Server Start At Port 3000","timestamp":"2022-09-29 22:55:22"}
{"level":"info","message":"undefined - API Server Start At Port 3000","timestamp":"2022-09-29 22:55:41"}
{"level":"info","message":"undefined - API Server Start At Port 3000","timestamp":"2022-09-29 22:55:43"}
{"level":"info","message":"undefined - API Server Start At Port 3000","timestamp":"2022-09-29 22:55:45"}
{"level":"info","message":"undefined - API Server Start At Port 3000","timestamp":"2022-09-29 22:57:57"}
{"level":"info","message":"undefined - API Server Start At Port 3000","timestamp":"2022-09-29 22:58:03"}
{"level":"info","message":"undefined - API Server Start At Port 3000","timestamp":"2022-09-29 22:58:10"}
{"level":"info","message":"undefined - API Server Start At Port 3000","timestamp":"2022-09-29 23:00:04"}
{"level":"info","message":"undefined - API Server Start At Port 3000","timestamp":"2022-09-29 23:07:06"}
{"level":"info","message":"undefined - API Server Start At Port 3000","timestamp":"2022-09-29 23:07:26"}
{"level":"info","message":"undefined - API Server Start At Port 3000","timestamp":"2022-09-29 23:07:28"}
{"level":"info","message":"undefined - API Server Start At Port 3000","timestamp":"2022-09-29 23:08:48"}
{"level":"info","message":"undefined - API Server Start At Port 3000","timestamp":"2022-09-29 23:09:47"}
{"level":"info","message":"undefined - API Server Start At Port 3000","timestamp":"2022-09-29 23:09:51"}
{"level":"info","message":"undefined - API Server Start At Port 3000","timestamp":"2022-09-29 23:09:59"}
{"level":"info","message":"undefined - API Server Start At Port 3000","timestamp":"2022-09-29 23:10:04"}
{"level":"info","message":"undefined - API Server Start At Port 3000","timestamp":"2022-09-29 23:10:06"}
{"level":"info","message":"undefined - API Server Start At Port 3000","timestamp":"2022-09-29 23:10:11"}
{"level":"info","message":"undefined - API Server Start At Port 3000","timestamp":"2022-09-29 23:13:23"}
{"level":"info","message":"undefined - API Server Start At Port 3000","timestamp":"2022-09-29 23:13:34"}
{"level":"info","message":"undefined - API Server Start At Port 3000","timestamp":"2022-09-29 23:13:38"}
{"level":"info","message":"undefined - API Server Start At Port 3000","timestamp":"2022-09-29 23:15:46"}
{"level":"info","message":"undefined - API Server Start At Port 3000","timestamp":"2022-09-29 23:16:32"}
{"level":"info","message":"undefined - API Server Start At Port 3000","timestamp":"2022-09-29 23:16:46"}
{"level":"info","message":"undefined - API Server Start At Port 3000","timestamp":"2022-09-29 23:17:07"}
{"level":"info","message":"undefined - API Server Start At Port 3000","timestamp":"2022-09-29 23:17:40"}
{"level":"error","message":"App - createUser Service error\n: hashedPassword is not defined","timestamp":"2022-09-29 23:18:04"}
{"level":"info","message":"undefined - API Server Start At Port 3000","timestamp":"2022-09-29 23:18:12"}
{"level":"error","message":"App - createUser Service error\n: registerPetsResult is not defined","timestamp":"2022-09-29 23:18:16"}
{"level":"info","message":"undefined - API Server Start At Port 3000","timestamp":"2022-09-29 23:18:57"}
{"level":"info","message":"undefined - API Server Start At Port 3000","timestamp":"2022-09-29 23:22:59"}
{"level":"info","message":"undefined - API Server Start At Port 3000","timestamp":"2022-09-29 23:23:13"}
{"level":"info","message":"undefined - API Server Start At Port 3000","timestamp":"2022-09-29 23:23:20"}
{"level":"info","message":"undefined - API Server Start At Port 3000","timestamp":"2022-09-29 23:23:50"}
{"level":"error","message":"App - createUser Service error\n: You have an error in your SQL syntax; check the manual that corresponds to your MySQL server version for the right syntax to use near '?, ?,?,?,?,?)' at line 2","timestamp":"2022-09-29 23:25:42"}
{"level":"info","message":"undefined - API Server Start At Port 3000","timestamp":"2022-09-29 23:27:20"}
{"level":"info","message":"undefined - API Server Start At Port 3000","timestamp":"2022-09-29 23:27:28"}
{"level":"info","message":"undefined - API Server Start At Port 3000","timestamp":"2022-09-29 23:27:35"}
{"level":"info","message":"undefined - API Server Start At Port 3000","timestamp":"2022-09-29 23:27:38"}
{"level":"error","message":"App - createUser Service error\n: userIdResult is not defined","timestamp":"2022-09-29 23:27:48"}
{"level":"info","message":"undefined - API Server Start At Port 3000","timestamp":"2022-09-29 23:28:04"}
{"level":"info","message":"undefined - API Server Start At Port 3000","timestamp":"2022-09-29 23:29:40"}
{"level":"info","message":"undefined - API Server Start At Port 3000","timestamp":"2022-09-29 23:29:52"}
{"level":"info","message":"undefined - API Server Start At Port 3000","timestamp":"2022-09-29 23:31:15"}
{"level":"info","message":"undefined - API Server Start At Port 3000","timestamp":"2022-09-29 23:33:59"}
{"level":"info","message":"undefined - API Server Start At Port 3000","timestamp":"2022-09-29 23:41:19"}
{"level":"info","message":"undefined - API Server Start At Port 3000","timestamp":"2022-09-29 23:41:25"}
{"level":"info","message":"undefined - API Server Start At Port 3000","timestamp":"2022-09-29 23:41:40"}
{"level":"info","message":"undefined - API Server Start At Port 3000","timestamp":"2022-09-29 23:41:42"}
{"level":"info","message":"undefined - API Server Start At Port 3000","timestamp":"2022-09-29 23:42:28"}
{"level":"info","message":"undefined - API Server Start At Port 3000","timestamp":"2022-09-29 23:42:47"}
{"level":"info","message":"undefined - API Server Start At Port 3000","timestamp":"2022-09-29 23:43:31"}
{"level":"info","message":"undefined - API Server Start At Port 3000","timestamp":"2022-09-29 23:43:44"}
{"level":"info","message":"undefined - API Server Start At Port 3000","timestamp":"2022-09-29 23:44:43"}
{"level":"info","message":"undefined - API Server Start At Port 3000","timestamp":"2022-09-29 23:47:55"}
{"level":"info","message":"undefined - API Server Start At Port 3000","timestamp":"2022-09-29 23:48:14"}
{"level":"info","message":"undefined - API Server Start At Port 3000","timestamp":"2022-09-29 23:51:55"}
{"level":"info","message":"undefined - API Server Start At Port 3000","timestamp":"2022-09-29 23:52:10"}
{"level":"info","message":"undefined - API Server Start At Port 3000","timestamp":"2022-09-29 23:52:30"}
{"level":"info","message":"undefined - API Server Start At Port 3000","timestamp":"2022-09-29 23:54:48"}
{"level":"info","message":"undefined - API Server Start At Port 3000","timestamp":"2022-09-29 23:54:52"}
{"level":"info","message":"undefined - API Server Start At Port 3000","timestamp":"2022-09-29 23:56:16"}
{"level":"info","message":"undefined - API Server Start At Port 3000","timestamp":"2022-09-29 23:56:36"}
{"level":"info","message":"undefined - API Server Start At Port 3000","timestamp":"2022-09-29 23:56:38"}
{"level":"info","message":"undefined - API Server Start At Port 3000","timestamp":"2022-09-29 23:56:42"}
{"level":"info","message":"undefined - API Server Start At Port 3000","timestamp":"2022-09-29 23:56:48"}
{"level":"info","message":"undefined - API Server Start At Port 3000","timestamp":"2022-09-29 23:57:14"}
{"level":"info","message":"undefined - API Server Start At Port 3000","timestamp":"2022-09-29 23:58:14"}
